Unity Editor version:    2022.3.21f1 (bf09ca542b87)
Branch:                  2022.3/staging
Build type:              Release
Batch mode:              YES
macOS version:           Version 14.4 (Build 23E214)
Darwin version:          23.4.0
Architecture:            arm64
Running under Rosetta:   NO
Available memory:        16384 MB
Using pre-set license
Pro License: YES

COMMAND LINE ARGUMENTS:
/Applications/Unity/Hub/Editor/2022.3.21f1/Unity.app/Contents/MacOS/Unity
-adb2
-batchMode
-noUpm
-name
AssetImportWorker5
-projectPath
/Users/Jay/Documents/Hackathons/HackFest/HF24-VisionPros/VisionPros(PC)
-logFile
Logs/AssetImportWorker5.log
-srvPort
53924
Successfully changed project path to: /Users/Jay/Documents/Hackathons/HackFest/HF24-VisionPros/VisionPros(PC)
/Users/Jay/Documents/Hackathons/HackFest/HF24-VisionPros/VisionPros(PC)
[UnityMemory] Configuration Parameters - Can be set up in boot.config
    "memorysetup-bucket-allocator-granularity=16"
    "memorysetup-bucket-allocator-bucket-count=8"
    "memorysetup-bucket-allocator-block-size=33554432"
    "memorysetup-bucket-allocator-block-count=8"
    "memorysetup-main-allocator-block-size=16777216"
    "memorysetup-thread-allocator-block-size=16777216"
    "memorysetup-gfx-main-allocator-block-size=16777216"
    "memorysetup-gfx-thread-allocator-block-size=16777216"
    "memorysetup-cache-allocator-block-size=4194304"
    "memorysetup-typetree-allocator-block-size=2097152"
    "memorysetup-profiler-bucket-allocator-granularity=16"
    "memorysetup-profiler-bucket-allocator-bucket-count=8"
    "memorysetup-profiler-bucket-allocator-block-size=33554432"
    "memorysetup-profiler-bucket-allocator-block-count=8"
    "memorysetup-profiler-allocator-block-size=16777216"
    "memorysetup-profiler-editor-allocator-block-size=1048576"
    "memorysetup-temp-allocator-size-main=16777216"
    "memorysetup-job-temp-allocator-block-size=2097152"
    "memorysetup-job-temp-allocator-block-size-background=1048576"
    "memorysetup-job-temp-allocator-reduction-small-platforms=262144"
    "memorysetup-allocator-temp-initial-block-size-main=262144"
    "memorysetup-allocator-temp-initial-block-size-worker=262144"
    "memorysetup-temp-allocator-size-background-worker=32768"
    "memorysetup-temp-allocator-size-job-worker=262144"
    "memorysetup-temp-allocator-size-preload-manager=33554432"
    "memorysetup-temp-allocator-size-nav-mesh-worker=65536"
    "memorysetup-temp-allocator-size-audio-worker=65536"
    "memorysetup-temp-allocator-size-cloud-worker=32768"
    "memorysetup-temp-allocator-size-gi-baking-worker=262144"
    "memorysetup-temp-allocator-size-gfx=262144"
Player connection [8541960896] Host "[IP] 172.16.17.183 [Port] 0 [Flags] 2 [Guid] 1538127008 [EditorId] 1538127008 [Version] 1048832 [Id] OSXEditor(0,Jays-MacBook-Pro.local) [Debug] 1 [PackageName] OSXEditor [ProjectName] Editor" joined multi-casting on [225.0.0.222:54997]...

Player connection [8541960896] Host "[IP] 172.16.17.183 [Port] 0 [Flags] 2 [Guid] 1538127008 [EditorId] 1538127008 [Version] 1048832 [Id] OSXEditor(0,Jays-MacBook-Pro.local) [Debug] 1 [PackageName] OSXEditor [ProjectName] Editor" joined alternative multi-casting on [225.0.0.222:34997]...

[Physics::Module] Initialized MultithreadedJobDispatcher with 11 workers.
Refreshing native plugins compatible for Editor in 8.77 ms, found 2 plugins.
Preloading 0 native plugins for Editor in 0.00 ms.
Initialize engine version: 2022.3.21f1 (bf09ca542b87)
[Subsystems] Discovering subsystems at path /Applications/Unity/Hub/Editor/2022.3.21f1/Unity.app/Contents/Resources/UnitySubsystems
[Subsystems] Discovering subsystems at path /Users/Jay/Documents/Hackathons/HackFest/HF24-VisionPros/VisionPros(PC)/Assets
GfxDevice: creating device client; threaded=0; jobified=0
 preferred device: Apple M2 Pro (high power)
Metal devices available: 1
0: Apple M2 Pro (high power)
Using device Apple M2 Pro (high power)
Initializing Metal device caps: Apple M2 Pro
Initialize mono
Mono path[0] = '/Applications/Unity/Hub/Editor/2022.3.21f1/Unity.app/Contents/Managed'
Mono path[1] = '/Applications/Unity/Hub/Editor/2022.3.21f1/Unity.app/Contents/MonoBleedingEdge/lib/mono/unityjit-macos'
Mono config path = '/Applications/Unity/Hub/Editor/2022.3.21f1/Unity.app/Contents/MonoBleedingEdge/etc'
Using monoOptions --debugger-agent=transport=dt_socket,embedding=1,server=y,suspend=n,address=127.0.0.1:56840
Begin MonoManager ReloadAssembly
Registering precompiled unity dll's ...
Register platform support module: /Applications/Unity/Hub/Editor/2022.3.21f1/PlaybackEngines/WebGLSupport/UnityEditor.WebGL.Extensions.dll
Register platform support module: /Applications/Unity/Hub/Editor/2022.3.21f1/Unity.app/Contents/PlaybackEngines/MacStandaloneSupport/UnityEditor.OSXStandalone.Extensions.dll
Register platform support module: /Applications/Unity/Hub/Editor/2022.3.21f1/PlaybackEngines/AndroidPlayer/UnityEditor.Android.Extensions.dll
Register platform support module: /Applications/Unity/Hub/Editor/2022.3.21f1/PlaybackEngines/WindowsStandaloneSupport/UnityEditor.WindowsStandalone.Extensions.dll
Registered in 0.002908 seconds.
- Loaded All Assemblies, in  0.192 seconds
Native extension for WindowsStandalone target not found
Native extension for Android target not found
Android Extension - Scanning For ADB Devices 55 ms
Native extension for OSXStandalone target not found
Native extension for WebGL target not found
Mono: successfully reloaded assembly
- Finished resetting the current domain, in  0.238 seconds
Domain Reload Profiling: 430ms
	BeginReloadAssembly (55ms)
		ExecutionOrderSort (0ms)
		DisableScriptedObjects (0ms)
		BackupInstance (0ms)
		ReleaseScriptingObjects (0ms)
		CreateAndSetChildDomain (0ms)
	RebuildCommonClasses (20ms)
	RebuildNativeTypeToScriptingClass (7ms)
	initialDomainReloadingComplete (27ms)
	LoadAllAssembliesAndSetupDomain (84ms)
		LoadAssemblies (56ms)
		RebuildTransferFunctionScriptingTraits (0ms)
		AnalyzeDomain (82ms)
			TypeCache.Refresh (82ms)
				TypeCache.ScanAssembly (74ms)
			ScanForSourceGeneratedMonoScriptInfo (0ms)
			ResolveRequiredComponents (0ms)
	FinalizeReload (238ms)
		ReleaseScriptCaches (0ms)
		RebuildScriptCaches (0ms)
		SetupLoadedEditorAssemblies (207ms)
			LogAssemblyErrors (0ms)
			InitializePlatformSupportModulesInManaged (132ms)
			SetLoadedEditorAssemblies (2ms)
			RefreshPlugins (0ms)
			BeforeProcessingInitializeOnLoad (1ms)
			ProcessInitializeOnLoadAttributes (51ms)
			ProcessInitializeOnLoadMethodAttributes (20ms)
			AfterProcessingInitializeOnLoad (0ms)
			EditorAssembliesLoaded (0ms)
		ExecutionOrderSort2 (0ms)
		AwakeInstancesAfterBackupRestoration (0ms)
========================================================================
Worker process is ready to serve import requests
Begin MonoManager ReloadAssembly
- Loaded All Assemblies, in  0.320 seconds
Refreshing native plugins compatible for Editor in 0.70 ms, found 2 plugins.
Native extension for WindowsStandalone target not found
Native extension for Android target not found
Native extension for OSXStandalone target not found
Native extension for WebGL target not found
Package Manager log level set to [2]
[Package Manager] Server::EnsureServerProcessIsRunning -- launch failed, reason: Unity was launched with the -noUpm command-line argument
[Package Manager] UpmClient::Send -- Unable to send message (not connected to UPM process).
[Package Manager] Cannot connect to Unity Package Manager local server
Mono: successfully reloaded assembly
- Finished resetting the current domain, in  0.287 seconds
Domain Reload Profiling: 607ms
	BeginReloadAssembly (62ms)
		ExecutionOrderSort (0ms)
		DisableScriptedObjects (3ms)
		BackupInstance (0ms)
		ReleaseScriptingObjects (0ms)
		CreateAndSetChildDomain (16ms)
	RebuildCommonClasses (20ms)
	RebuildNativeTypeToScriptingClass (7ms)
	initialDomainReloadingComplete (19ms)
	LoadAllAssembliesAndSetupDomain (212ms)
		LoadAssemblies (139ms)
		RebuildTransferFunctionScriptingTraits (0ms)
		AnalyzeDomain (100ms)
			TypeCache.Refresh (91ms)
				TypeCache.ScanAssembly (81ms)
			ScanForSourceGeneratedMonoScriptInfo (6ms)
			ResolveRequiredComponents (2ms)
	FinalizeReload (287ms)
		ReleaseScriptCaches (0ms)
		RebuildScriptCaches (0ms)
		SetupLoadedEditorAssemblies (189ms)
			LogAssemblyErrors (0ms)
			InitializePlatformSupportModulesInManaged (11ms)
			SetLoadedEditorAssemblies (2ms)
			RefreshPlugins (0ms)
			BeforeProcessingInitializeOnLoad (25ms)
			ProcessInitializeOnLoadAttributes (142ms)
			ProcessInitializeOnLoadMethodAttributes (9ms)
			AfterProcessingInitializeOnLoad (0ms)
			EditorAssembliesLoaded (0ms)
		ExecutionOrderSort2 (0ms)
		AwakeInstancesAfterBackupRestoration (2ms)
Launching external process: /Applications/Unity/Hub/Editor/2022.3.21f1/Unity.app/Contents/Tools/UnityShaderCompiler
Launched and connected shader compiler UnityShaderCompiler after 0.03 seconds
Refreshing native plugins compatible for Editor in 0.67 ms, found 2 plugins.
Preloading 0 native plugins for Editor in 0.00 ms.
Unloading 3131 Unused Serialized files (Serialized files now loaded: 0)
Unloading 32 unused Assets / (51.2 KB). Loaded Objects now: 3595.
Memory consumption went from 135.0 MB to 135.0 MB.
Total: 2.166250 ms (FindLiveObjects: 0.087292 ms CreateObjectMapping: 0.049583 ms MarkObjects: 1.954708 ms  DeleteObjects: 0.074208 ms)

AssetImportParameters requested are different than current active one (requested -> active):
  custom:container-demuxer-ogg: 62fdf1f143b41e24485cea50d1cbac27 -> 
  custom:scripting/monoscript/fileName/PrintToConsole.cs: f354e910a0f983b72782a6a6058dde05 -> 
  custom:video-decoder-ogg-theora: a1e56fd34408186e4bbccfd4996cb3dc -> 
  custom:scripting/monoscript/fileName/OxiMeterDisp.cs: 440cf33836fad1268908078faa5444cf -> 
  custom:scripting/monoscript/fileName/PlayerController.cs: d93a52a180fbbe603a59e9aa6da73c83 -> 
  custom:CustomObjectIndexerAttribute: 9a22284fe3817be447336de3de66b15e -> 
  custom:container-demuxer-webm: 4f35f7cbe854078d1ac9338744f61a02 -> 
  custom:scripting/monoscript/fileName/ThermDisp.cs: c76454508ffe4d3b4eed2ba6cc4e2344 -> 
  custom:scripting/monoscript/fileName/LoopAnimation.cs: bc99cb01f65987cebec9bb2a86ab731c -> 
  custom:container-muxer-webm: aa71ff27fc2769a1b78a27578f13a17b -> 
  custom:video-decoder-webm-vp8: 9c59270c3fd7afecdb556c50c9e8de78 -> 
  custom:SearchIndexIgnoredProperties: e643bd26f0fe6173181afceb89e7c659 -> 
  custom:AudioImporter_EditorPlatform: 3918e3fc78b5a79bad01e8451be0beb8 -> 
  custom:scripting/monoscript/fileName/Pickup.cs: ee1d55803f9bd4d2eef8b0757975fd79 -> 
  custom:scripting/monoscript/fileName/FollowPlayer.cs: a11289592493b8b391718a1bede4c507 -> 
  custom:scripting/monoscript/fileName/LiquidIn.cs: b5aaa715431974341d818b72dd85d732 -> 
  custom:scripting/monoscript/fileName/TransparencyController.cs: 9229eef4b60eaef3bdbedff3963022d6 -> 
  custom:framework-osx-AVFoundation: e770b220cccbd017edd2c1fefb359320 -> 
  custom:video-encoder-webm-vp8: eb34c28f22e8b96e1ab97ce403110664 -> 
  custom:audio-decoder-ogg-vorbis: bf7c407c2cedff20999df2af8eb42d56 -> 
  custom:audio-encoder-webm-vorbis: bf7c407c2cedff20999df2af8eb42d56 -> 
  custom:scripting/monoscript/fileName/InclineAndLift.cs: ec68407cc7b0f0285e28e20be897fe55 -> 
========================================================================
Received Import Request.
  Time since last request: 16538.342358 seconds.
  path: Assets/Materials/Human_Material/Bladder.mat
  artifactKey: Guid(0442d7d4c0aef49cc87e282a8c4ec263) Importer(815301076,1909f56bfc062723c751e8b465ee728b)
Start importing Assets/Materials/Human_Material/Bladder.mat using Guid(0442d7d4c0aef49cc87e282a8c4ec263) Importer(815301076,1909f56bfc062723c751e8b465ee728b)  -> (artifact id: '7af4baa55a11ae9396177d294cc76d00') in 0.070790 seconds
Number of updated asset objects reloaded before import = 0
Number of asset objects unloaded after import = 1
========================================================================
Received Import Request.
  Time since last request: 0.000030 seconds.
  path: Assets/Materials/Human_Material/Hair_mtl.mat
  artifactKey: Guid(3ccb8ebcbb5074878af66c3e4de31450) Importer(815301076,1909f56bfc062723c751e8b465ee728b)
Start importing Assets/Materials/Human_Material/Hair_mtl.mat using Guid(3ccb8ebcbb5074878af66c3e4de31450) Importer(815301076,1909f56bfc062723c751e8b465ee728b)  -> (artifact id: 'b410166bb879d1ba7daa93a945a0676b') in 0.003241 seconds
Number of updated asset objects reloaded before import = 0
Number of asset objects unloaded after import = 1
========================================================================
Received Import Request.
  Time since last request: 0.000055 seconds.
  path: Assets/Materials/Human_Material/Kidney.mat
  artifactKey: Guid(944c6a4522d2d4852b04ce81a12f36f6) Importer(815301076,1909f56bfc062723c751e8b465ee728b)
Start importing Assets/Materials/Human_Material/Kidney.mat using Guid(944c6a4522d2d4852b04ce81a12f36f6) Importer(815301076,1909f56bfc062723c751e8b465ee728b)  -> (artifact id: '5b93e1d86d53557df3de61c5a1168434') in 0.002795 seconds
Number of updated asset objects reloaded before import = 0
Number of asset objects unloaded after import = 1
========================================================================
Received Import Request.
  Time since last request: 0.000043 seconds.
  path: Assets/Materials/Human_Material/Eyes_mtl.mat
  artifactKey: Guid(981ec9e010c834a67ba516cf2ce6a04d) Importer(815301076,1909f56bfc062723c751e8b465ee728b)
Start importing Assets/Materials/Human_Material/Eyes_mtl.mat using Guid(981ec9e010c834a67ba516cf2ce6a04d) Importer(815301076,1909f56bfc062723c751e8b465ee728b)  -> (artifact id: '96da780b0f6d810dffd8ba395011e39a') in 0.002589 seconds
Number of updated asset objects reloaded before import = 0
Number of asset objects unloaded after import = 1
========================================================================
Received Import Request.
  Time since last request: 0.000049 seconds.
  path: Assets/Materials/Human_Material/Skin_penis.mat
  artifactKey: Guid(cb432e74430f44109abf6488e6277012) Importer(815301076,1909f56bfc062723c751e8b465ee728b)
Start importing Assets/Materials/Human_Material/Skin_penis.mat using Guid(cb432e74430f44109abf6488e6277012) Importer(815301076,1909f56bfc062723c751e8b465ee728b)  -> (artifact id: '6bce45871c19f345333dd3c43c37e706') in 0.002373 seconds
Number of updated asset objects reloaded before import = 0
Number of asset objects unloaded after import = 1
========================================================================
Received Import Request.
  Time since last request: 0.000043 seconds.
  path: Assets/Materials/Human_Material/Body_mtl_001.mat
  artifactKey: Guid(035034ef199b7467bb02d3719ea92a67) Importer(815301076,1909f56bfc062723c751e8b465ee728b)
Start importing Assets/Materials/Human_Material/Body_mtl_001.mat using Guid(035034ef199b7467bb02d3719ea92a67) Importer(815301076,1909f56bfc062723c751e8b465ee728b)  -> (artifact id: '5262d9783fa4a841456f739f98bedd74') in 0.002620 seconds
Number of updated asset objects reloaded before import = 0
Number of asset objects unloaded after import = 1
========================================================================
Received Import Request.
  Time since last request: 0.000050 seconds.
  path: Assets/Materials/Human_Material/mat_Stomach.mat
  artifactKey: Guid(32a420b13edeb4aefbde1a0498c734d0) Importer(815301076,1909f56bfc062723c751e8b465ee728b)
Start importing Assets/Materials/Human_Material/mat_Stomach.mat using Guid(32a420b13edeb4aefbde1a0498c734d0) Importer(815301076,1909f56bfc062723c751e8b465ee728b)  -> (artifact id: '8f686e00a750e1405dfb0a03808edfe8') in 0.002764 seconds
Number of updated asset objects reloaded before import = 0
Number of asset objects unloaded after import = 1
========================================================================
Received Import Request.
  Time since last request: 0.000065 seconds.
  path: Assets/Materials/Human_Material/Chest_mtl.mat
  artifactKey: Guid(5aeeea43b60af40c68a6c8d2d1de3eeb) Importer(815301076,1909f56bfc062723c751e8b465ee728b)
Start importing Assets/Materials/Human_Material/Chest_mtl.mat using Guid(5aeeea43b60af40c68a6c8d2d1de3eeb) Importer(815301076,1909f56bfc062723c751e8b465ee728b)  -> (artifact id: 'edefbf9055e916f67f6a81d09424f545') in 0.002597 seconds
Number of updated asset objects reloaded before import = 0
Number of asset objects unloaded after import = 1
========================================================================
Received Import Request.
  Time since last request: 0.000047 seconds.
  path: Assets/Materials/Human_Material/mat_Eyelash.mat
  artifactKey: Guid(0b538706d9e5e4aaea00901b3c8d1875) Importer(815301076,1909f56bfc062723c751e8b465ee728b)
Start importing Assets/Materials/Human_Material/mat_Eyelash.mat using Guid(0b538706d9e5e4aaea00901b3c8d1875) Importer(815301076,1909f56bfc062723c751e8b465ee728b)  -> (artifact id: '5a53f1c5ec08c5ec319240816b8c41f7') in 0.002843 seconds
Number of updated asset objects reloaded before import = 0
Number of asset objects unloaded after import = 1
========================================================================
Received Import Request.
  Time since last request: 0.000137 seconds.
  path: Assets/Materials/Human_Material/Head_Neck_mtl.mat
  artifactKey: Guid(ae35cfc4f0d32450b9470cababaf958f) Importer(815301076,1909f56bfc062723c751e8b465ee728b)
Start importing Assets/Materials/Human_Material/Head_Neck_mtl.mat using Guid(ae35cfc4f0d32450b9470cababaf958f) Importer(815301076,1909f56bfc062723c751e8b465ee728b)  -> (artifact id: 'daec8e0f02eda3e517f05a42f25b9b06') in 0.002832 seconds
Number of updated asset objects reloaded before import = 0
Number of asset objects unloaded after import = 1
========================================================================
Received Import Request.
  Time since last request: 0.000079 seconds.
  path: Assets/Materials/Human_Material/Upperlimb_muscles.mat
  artifactKey: Guid(1c59db682d32642659d8779afa4d473c) Importer(815301076,1909f56bfc062723c751e8b465ee728b)
Start importing Assets/Materials/Human_Material/Upperlimb_muscles.mat using Guid(1c59db682d32642659d8779afa4d473c) Importer(815301076,1909f56bfc062723c751e8b465ee728b)  -> (artifact id: '124b48bc42312477dbc061c4ab06f90e') in 0.003523 seconds
Number of updated asset objects reloaded before import = 0
Number of asset objects unloaded after import = 1
========================================================================
Received Import Request.
  Time since last request: 0.000094 seconds.
  path: Assets/Materials/Human_Material/Lungs-.mat
  artifactKey: Guid(e7d34e4192a5f4ff783a9eb08613584f) Importer(815301076,1909f56bfc062723c751e8b465ee728b)
Start importing Assets/Materials/Human_Material/Lungs-.mat using Guid(e7d34e4192a5f4ff783a9eb08613584f) Importer(815301076,1909f56bfc062723c751e8b465ee728b)  -> (artifact id: 'ebf0c23f8a084db24810b455119529d6') in 0.002831 seconds
Number of updated asset objects reloaded before import = 0
Number of asset objects unloaded after import = 1
========================================================================
Received Import Request.
  Time since last request: 0.000070 seconds.
  path: Assets/Materials/Human_Material/EyeAnatomy.mat
  artifactKey: Guid(e446eba61c8854e4ebca10a2f9242476) Importer(815301076,1909f56bfc062723c751e8b465ee728b)
Start importing Assets/Materials/Human_Material/EyeAnatomy.mat using Guid(e446eba61c8854e4ebca10a2f9242476) Importer(815301076,1909f56bfc062723c751e8b465ee728b)  -> (artifact id: 'a3649bc85051dbcb8d4a3027b038ba4a') in 0.002956 seconds
Number of updated asset objects reloaded before import = 0
Number of asset objects unloaded after import = 1
========================================================================
Received Import Request.
  Time since last request: 0.000058 seconds.
  path: Assets/Materials/Human_Material/Head-neck_muscles.mat
  artifactKey: Guid(6187560c00d914a279e87b09bcdd5319) Importer(815301076,1909f56bfc062723c751e8b465ee728b)
Start importing Assets/Materials/Human_Material/Head-neck_muscles.mat using Guid(6187560c00d914a279e87b09bcdd5319) Importer(815301076,1909f56bfc062723c751e8b465ee728b)  -> (artifact id: '7aea00c0ff4cf7f5eb0259de1c465ba1') in 0.003284 seconds
Number of updated asset objects reloaded before import = 0
Number of asset objects unloaded after import = 1
========================================================================
Received Import Request.
  Time since last request: 0.000046 seconds.
  path: Assets/Materials/Human_Material/Boxers_mtl.mat
  artifactKey: Guid(aab186d7d660f4d06b56128fe8a0c042) Importer(815301076,1909f56bfc062723c751e8b465ee728b)
Start importing Assets/Materials/Human_Material/Boxers_mtl.mat using Guid(aab186d7d660f4d06b56128fe8a0c042) Importer(815301076,1909f56bfc062723c751e8b465ee728b)  -> (artifact id: 'c3b66b7bd70e3f57ebdfc84bec644284') in 0.003142 seconds
Number of updated asset objects reloaded before import = 0
Number of asset objects unloaded after import = 1
========================================================================
Received Import Request.
  Time since last request: 0.000078 seconds.
  path: Assets/Materials/Human_Material/Nervous_mtl.mat
  artifactKey: Guid(25f77fa2c5c5e4f199299654e45c6427) Importer(815301076,1909f56bfc062723c751e8b465ee728b)
Start importing Assets/Materials/Human_Material/Nervous_mtl.mat using Guid(25f77fa2c5c5e4f199299654e45c6427) Importer(815301076,1909f56bfc062723c751e8b465ee728b)  -> (artifact id: '03fbbbba1c556829c41d604c2b6fc47e') in 0.002816 seconds
Number of updated asset objects reloaded before import = 0
Number of asset objects unloaded after import = 1
========================================================================
Received Import Request.
  Time since last request: 0.000077 seconds.
  path: Assets/Materials/Human_Material/HEART_ANATOMY.mat
  artifactKey: Guid(7ced170789931417e89054f1fde78191) Importer(815301076,1909f56bfc062723c751e8b465ee728b)
Start importing Assets/Materials/Human_Material/HEART_ANATOMY.mat using Guid(7ced170789931417e89054f1fde78191) Importer(815301076,1909f56bfc062723c751e8b465ee728b)  -> (artifact id: 'd8bd368b520275e91ee1f35b65d0730d') in 0.002896 seconds
Number of updated asset objects reloaded before import = 0
Number of asset objects unloaded after import = 1
========================================================================
Received Import Request.
  Time since last request: 0.000053 seconds.
  path: Assets/Materials/Human_Material/Maters_mtl.mat
  artifactKey: Guid(2cf0eabc060fb486f8dcba66dd3d0c86) Importer(815301076,1909f56bfc062723c751e8b465ee728b)
Start importing Assets/Materials/Human_Material/Maters_mtl.mat using Guid(2cf0eabc060fb486f8dcba66dd3d0c86) Importer(815301076,1909f56bfc062723c751e8b465ee728b)  -> (artifact id: 'b1048451037c375b679bc5d56606caa0') in 0.003010 seconds
Number of updated asset objects reloaded before import = 0
Number of asset objects unloaded after import = 1
========================================================================
Received Import Request.
  Time since last request: 0.000054 seconds.
  path: Assets/Materials/Human_Material/Nervous_Membrane_mtl.mat
  artifactKey: Guid(85b1e60d92433487f90da613aca22f87) Importer(815301076,1909f56bfc062723c751e8b465ee728b)
Start importing Assets/Materials/Human_Material/Nervous_Membrane_mtl.mat using Guid(85b1e60d92433487f90da613aca22f87) Importer(815301076,1909f56bfc062723c751e8b465ee728b)  -> (artifact id: '8740051a4336bd75e908f7ad26f9dc7a') in 0.002939 seconds
Number of updated asset objects reloaded before import = 0
Number of asset objects unloaded after import = 1
========================================================================
Received Import Request.
  Time since last request: 0.000062 seconds.
  path: Assets/Materials/Human_Material/Spine_mtl.mat
  artifactKey: Guid(f9ef22f7fab9f47ddac5ae6ad9107bcb) Importer(815301076,1909f56bfc062723c751e8b465ee728b)
Start importing Assets/Materials/Human_Material/Spine_mtl.mat using Guid(f9ef22f7fab9f47ddac5ae6ad9107bcb) Importer(815301076,1909f56bfc062723c751e8b465ee728b)  -> (artifact id: '180e7cc5e0cacc335705978ef1f8a6db') in 0.002322 seconds
Number of updated asset objects reloaded before import = 0
Number of asset objects unloaded after import = 1
========================================================================
Received Import Request.
  Time since last request: 0.000074 seconds.
  path: Assets/Materials/Human_Material/Veins_mtl.mat
  artifactKey: Guid(637a28905a6294ac8acd12449e1e145e) Importer(815301076,1909f56bfc062723c751e8b465ee728b)
Start importing Assets/Materials/Human_Material/Veins_mtl.mat using Guid(637a28905a6294ac8acd12449e1e145e) Importer(815301076,1909f56bfc062723c751e8b465ee728b)  -> (artifact id: '3a2a540b96cf101609bfe46d2a486958') in 0.002199 seconds
Number of updated asset objects reloaded before import = 0
Number of asset objects unloaded after import = 1
========================================================================
Received Import Request.
  Time since last request: 0.000069 seconds.
  path: Assets/Materials/Human_Material/Pancreas_Spleen.mat
  artifactKey: Guid(15e5c02826dfd4fe4b28db4471563385) Importer(815301076,1909f56bfc062723c751e8b465ee728b)
Start importing Assets/Materials/Human_Material/Pancreas_Spleen.mat using Guid(15e5c02826dfd4fe4b28db4471563385) Importer(815301076,1909f56bfc062723c751e8b465ee728b)  -> (artifact id: '4b8d9a4a77a7e951d60ad83c1c9a511d') in 0.002655 seconds
Number of updated asset objects reloaded before import = 0
Number of asset objects unloaded after import = 1
========================================================================
Received Import Request.
  Time since last request: 0.000079 seconds.
  path: Assets/Materials/Human_Material/Pelvis_mtl.mat
  artifactKey: Guid(fba235d40f9444d22a8cb4ace772796e) Importer(815301076,1909f56bfc062723c751e8b465ee728b)
Start importing Assets/Materials/Human_Material/Pelvis_mtl.mat using Guid(fba235d40f9444d22a8cb4ace772796e) Importer(815301076,1909f56bfc062723c751e8b465ee728b)  -> (artifact id: 'ca8114cbb2bf8597a97062bb1ecc24bd') in 0.002556 seconds
Number of updated asset objects reloaded before import = 0
Number of asset objects unloaded after import = 1
========================================================================
Received Import Request.
  Time since last request: 0.000065 seconds.
  path: Assets/Materials/Human_Material/Upperlimb_mtl.mat
  artifactKey: Guid(603fc5bf5a0cd48cdb6838585cd92b4a) Importer(815301076,1909f56bfc062723c751e8b465ee728b)
Start importing Assets/Materials/Human_Material/Upperlimb_mtl.mat using Guid(603fc5bf5a0cd48cdb6838585cd92b4a) Importer(815301076,1909f56bfc062723c751e8b465ee728b)  -> (artifact id: '2f8fff44c3a90b18a75a3302538be91c') in 0.003013 seconds
Number of updated asset objects reloaded before import = 0
Number of asset objects unloaded after import = 1
========================================================================
Received Import Request.
  Time since last request: 0.000072 seconds.
  path: Assets/Materials/Human_Material/Male_reproduce_mtl.mat
  artifactKey: Guid(6d0cc417254ae4a9facd56c8e51c33c1) Importer(815301076,1909f56bfc062723c751e8b465ee728b)
Start importing Assets/Materials/Human_Material/Male_reproduce_mtl.mat using Guid(6d0cc417254ae4a9facd56c8e51c33c1) Importer(815301076,1909f56bfc062723c751e8b465ee728b)  -> (artifact id: 'a8ec3fbfce9c2b34a841ad14ac2a1d62') in 0.003046 seconds
Number of updated asset objects reloaded before import = 0
Number of asset objects unloaded after import = 1
========================================================================
Received Import Request.
  Time since last request: 0.000071 seconds.
  path: Assets/Materials/Human_Material/Scalp_mtl.mat
  artifactKey: Guid(dd084c4b3dab44f63b7f5c1af20c57f0) Importer(815301076,1909f56bfc062723c751e8b465ee728b)
Start importing Assets/Materials/Human_Material/Scalp_mtl.mat using Guid(dd084c4b3dab44f63b7f5c1af20c57f0) Importer(815301076,1909f56bfc062723c751e8b465ee728b)  -> (artifact id: 'e45ab6b1f6e0d7aef6852cc1925a2df5') in 0.002668 seconds
Number of updated asset objects reloaded before import = 0
Number of asset objects unloaded after import = 1
========================================================================
Received Import Request.
  Time since last request: 0.000064 seconds.
  path: Assets/Materials/Human_Material/Teeth_MTL.mat
  artifactKey: Guid(9e877311439fd47e4a6fef22743013eb) Importer(815301076,1909f56bfc062723c751e8b465ee728b)
Start importing Assets/Materials/Human_Material/Teeth_MTL.mat using Guid(9e877311439fd47e4a6fef22743013eb) Importer(815301076,1909f56bfc062723c751e8b465ee728b)  -> (artifact id: '941ce568e8bedf35a79e37fa905a4db0') in 0.002692 seconds
Number of updated asset objects reloaded before import = 0
Number of asset objects unloaded after import = 1
========================================================================
Received Import Request.
  Time since last request: 0.000057 seconds.
  path: Assets/Materials/Human_Material/Lowerlimb_muscles.mat
  artifactKey: Guid(3ac16f27f99e847178c675a6b03f36a1) Importer(815301076,1909f56bfc062723c751e8b465ee728b)
Start importing Assets/Materials/Human_Material/Lowerlimb_muscles.mat using Guid(3ac16f27f99e847178c675a6b03f36a1) Importer(815301076,1909f56bfc062723c751e8b465ee728b)  -> (artifact id: 'eb30cc7ca15f4c1844954ca3ae1fdde4') in 0.002600 seconds
Number of updated asset objects reloaded before import = 0
Number of asset objects unloaded after import = 1
========================================================================
Received Import Request.
  Time since last request: 0.000086 seconds.
  path: Assets/Materials/Human_Material/Lungs.mat
  artifactKey: Guid(257d9f9a5f9884e1ba77f308d084012f) Importer(815301076,1909f56bfc062723c751e8b465ee728b)
Start importing Assets/Materials/Human_Material/Lungs.mat using Guid(257d9f9a5f9884e1ba77f308d084012f) Importer(815301076,1909f56bfc062723c751e8b465ee728b)  -> (artifact id: '470fa677ae1f35edbf65694cf5235cd5') in 0.002787 seconds
Number of updated asset objects reloaded before import = 0
Number of asset objects unloaded after import = 1
========================================================================
Received Import Request.
  Time since last request: 0.000057 seconds.
  path: Assets/Materials/Human_Material/Skull_MTL.mat
  artifactKey: Guid(c496047822f5e45ce81fa18820786306) Importer(815301076,1909f56bfc062723c751e8b465ee728b)
Start importing Assets/Materials/Human_Material/Skull_MTL.mat using Guid(c496047822f5e45ce81fa18820786306) Importer(815301076,1909f56bfc062723c751e8b465ee728b)  -> (artifact id: '6535a9e780b1f0d308608f0ba24e1b50') in 0.003478 seconds
Number of updated asset objects reloaded before import = 0
Number of asset objects unloaded after import = 1
========================================================================
Received Import Request.
  Time since last request: 0.000073 seconds.
  path: Assets/Materials/Human_Material/Small_Intestine.mat
  artifactKey: Guid(3b43223db06df416297c9672526760af) Importer(815301076,1909f56bfc062723c751e8b465ee728b)
Start importing Assets/Materials/Human_Material/Small_Intestine.mat using Guid(3b43223db06df416297c9672526760af) Importer(815301076,1909f56bfc062723c751e8b465ee728b)  -> (artifact id: 'a7b04d52f7505a6fd5a609c1acdb5101') in 0.002364 seconds
Number of updated asset objects reloaded before import = 0
Number of asset objects unloaded after import = 1
========================================================================
Received Import Request.
  Time since last request: 0.000082 seconds.
  path: Assets/Materials/Human_Material/Spinal_Cord_material.mat
  artifactKey: Guid(31b2200ec798a45e482ed380512d6f09) Importer(815301076,1909f56bfc062723c751e8b465ee728b)
Start importing Assets/Materials/Human_Material/Spinal_Cord_material.mat using Guid(31b2200ec798a45e482ed380512d6f09) Importer(815301076,1909f56bfc062723c751e8b465ee728b)  -> (artifact id: 'edd44cb8c96e4ba9f841fd8bbcda995e') in 0.002845 seconds
Number of updated asset objects reloaded before import = 0
Number of asset objects unloaded after import = 1
========================================================================
Received Import Request.
  Time since last request: 0.000076 seconds.
  path: Assets/Materials/Human_Material/Ear_mtl.mat
  artifactKey: Guid(af4b04edaf8e34ca58f8ae7d03bb8e9c) Importer(815301076,1909f56bfc062723c751e8b465ee728b)
Start importing Assets/Materials/Human_Material/Ear_mtl.mat using Guid(af4b04edaf8e34ca58f8ae7d03bb8e9c) Importer(815301076,1909f56bfc062723c751e8b465ee728b)  -> (artifact id: '765656934dd59daefea0c9059af236a2') in 0.003114 seconds
Number of updated asset objects reloaded before import = 0
Number of asset objects unloaded after import = 1
========================================================================
Received Import Request.
  Time since last request: 0.000073 seconds.
  path: Assets/Materials/Human_Material/Trunk_muscles.mat
  artifactKey: Guid(9ca444f864831465db63e10bf0d48402) Importer(815301076,1909f56bfc062723c751e8b465ee728b)
Start importing Assets/Materials/Human_Material/Trunk_muscles.mat using Guid(9ca444f864831465db63e10bf0d48402) Importer(815301076,1909f56bfc062723c751e8b465ee728b)  -> (artifact id: 'e610a4997508885a654250692b66b229') in 0.002915 seconds
Number of updated asset objects reloaded before import = 0
Number of asset objects unloaded after import = 1
========================================================================
Received Import Request.
  Time since last request: 0.000057 seconds.
  path: Assets/Materials/Human_Material/Oral_cavity_mtl.mat
  artifactKey: Guid(285c82c682e9544afae8a9e214d3155a) Importer(815301076,1909f56bfc062723c751e8b465ee728b)
Start importing Assets/Materials/Human_Material/Oral_cavity_mtl.mat using Guid(285c82c682e9544afae8a9e214d3155a) Importer(815301076,1909f56bfc062723c751e8b465ee728b)  -> (artifact id: '23fbe2977243339766c55079bdf7d7a0') in 0.002571 seconds
Number of updated asset objects reloaded before import = 0
Number of asset objects unloaded after import = 1
Editor requested this worker to shutdown with reason: Scaling down because of idle timeout
