Unity Editor version:    2022.3.21f1 (bf09ca542b87)
Branch:                  2022.3/staging
Build type:              Release
Batch mode:              YES
macOS version:           Version 14.4 (Build 23E214)
Darwin version:          23.4.0
Architecture:            arm64
Running under Rosetta:   NO
Available memory:        16384 MB
Using pre-set license
Pro License: YES

COMMAND LINE ARGUMENTS:
/Applications/Unity/Hub/Editor/2022.3.21f1/Unity.app/Contents/MacOS/Unity
-adb2
-batchMode
-noUpm
-name
AssetImportWorker2
-projectPath
/Users/Jay/Documents/Hackathons/HackFest/HF24-VisionPros/VisionPros(PC)
-logFile
Logs/AssetImportWorker2.log
-srvPort
53924
Successfully changed project path to: /Users/Jay/Documents/Hackathons/HackFest/HF24-VisionPros/VisionPros(PC)
/Users/Jay/Documents/Hackathons/HackFest/HF24-VisionPros/VisionPros(PC)
[UnityMemory] Configuration Parameters - Can be set up in boot.config
    "memorysetup-bucket-allocator-granularity=16"
    "memorysetup-bucket-allocator-bucket-count=8"
    "memorysetup-bucket-allocator-block-size=33554432"
    "memorysetup-bucket-allocator-block-count=8"
    "memorysetup-main-allocator-block-size=16777216"
    "memorysetup-thread-allocator-block-size=16777216"
    "memorysetup-gfx-main-allocator-block-size=16777216"
    "memorysetup-gfx-thread-allocator-block-size=16777216"
    "memorysetup-cache-allocator-block-size=4194304"
    "memorysetup-typetree-allocator-block-size=2097152"
    "memorysetup-profiler-bucket-allocator-granularity=16"
    "memorysetup-profiler-bucket-allocator-bucket-count=8"
    "memorysetup-profiler-bucket-allocator-block-size=33554432"
    "memorysetup-profiler-bucket-allocator-block-count=8"
    "memorysetup-profiler-allocator-block-size=16777216"
    "memorysetup-profiler-editor-allocator-block-size=1048576"
    "memorysetup-temp-allocator-size-main=16777216"
    "memorysetup-job-temp-allocator-block-size=2097152"
    "memorysetup-job-temp-allocator-block-size-background=1048576"
    "memorysetup-job-temp-allocator-reduction-small-platforms=262144"
    "memorysetup-allocator-temp-initial-block-size-main=262144"
    "memorysetup-allocator-temp-initial-block-size-worker=262144"
    "memorysetup-temp-allocator-size-background-worker=32768"
    "memorysetup-temp-allocator-size-job-worker=262144"
    "memorysetup-temp-allocator-size-preload-manager=33554432"
    "memorysetup-temp-allocator-size-nav-mesh-worker=65536"
    "memorysetup-temp-allocator-size-audio-worker=65536"
    "memorysetup-temp-allocator-size-cloud-worker=32768"
    "memorysetup-temp-allocator-size-gi-baking-worker=262144"
    "memorysetup-temp-allocator-size-gfx=262144"
Player connection [8541960896] Host "[IP] 172.16.17.183 [Port] 0 [Flags] 2 [Guid] 1858086659 [EditorId] 1858086659 [Version] 1048832 [Id] OSXEditor(0,Jays-MacBook-Pro.local) [Debug] 1 [PackageName] OSXEditor [ProjectName] Editor" joined multi-casting on [225.0.0.222:54997]...

Player connection [8541960896] Host "[IP] 172.16.17.183 [Port] 0 [Flags] 2 [Guid] 1858086659 [EditorId] 1858086659 [Version] 1048832 [Id] OSXEditor(0,Jays-MacBook-Pro.local) [Debug] 1 [PackageName] OSXEditor [ProjectName] Editor" joined alternative multi-casting on [225.0.0.222:34997]...

[Physics::Module] Initialized MultithreadedJobDispatcher with 11 workers.
Refreshing native plugins compatible for Editor in 3.12 ms, found 2 plugins.
Preloading 0 native plugins for Editor in 0.00 ms.
Initialize engine version: 2022.3.21f1 (bf09ca542b87)
[Subsystems] Discovering subsystems at path /Applications/Unity/Hub/Editor/2022.3.21f1/Unity.app/Contents/Resources/UnitySubsystems
[Subsystems] Discovering subsystems at path /Users/Jay/Documents/Hackathons/HackFest/HF24-VisionPros/VisionPros(PC)/Assets
GfxDevice: creating device client; threaded=0; jobified=0
 preferred device: Apple M2 Pro (high power)
Metal devices available: 1
0: Apple M2 Pro (high power)
Using device Apple M2 Pro (high power)
Initializing Metal device caps: Apple M2 Pro
Initialize mono
Mono path[0] = '/Applications/Unity/Hub/Editor/2022.3.21f1/Unity.app/Contents/Managed'
Mono path[1] = '/Applications/Unity/Hub/Editor/2022.3.21f1/Unity.app/Contents/MonoBleedingEdge/lib/mono/unityjit-macos'
Mono config path = '/Applications/Unity/Hub/Editor/2022.3.21f1/Unity.app/Contents/MonoBleedingEdge/etc'
Using monoOptions --debugger-agent=transport=dt_socket,embedding=1,server=y,suspend=n,address=127.0.0.1:56624
Begin MonoManager ReloadAssembly
Registering precompiled unity dll's ...
Register platform support module: /Applications/Unity/Hub/Editor/2022.3.21f1/PlaybackEngines/WebGLSupport/UnityEditor.WebGL.Extensions.dll
Register platform support module: /Applications/Unity/Hub/Editor/2022.3.21f1/Unity.app/Contents/PlaybackEngines/MacStandaloneSupport/UnityEditor.OSXStandalone.Extensions.dll
Register platform support module: /Applications/Unity/Hub/Editor/2022.3.21f1/PlaybackEngines/AndroidPlayer/UnityEditor.Android.Extensions.dll
Register platform support module: /Applications/Unity/Hub/Editor/2022.3.21f1/PlaybackEngines/WindowsStandaloneSupport/UnityEditor.WindowsStandalone.Extensions.dll
Registered in 0.001574 seconds.
- Loaded All Assemblies, in  0.209 seconds
Native extension for WindowsStandalone target not found
Native extension for Android target not found
Android Extension - Scanning For ADB Devices 55 ms
Native extension for OSXStandalone target not found
Native extension for WebGL target not found
Mono: successfully reloaded assembly
- Finished resetting the current domain, in  0.241 seconds
Domain Reload Profiling: 451ms
	BeginReloadAssembly (58ms)
		ExecutionOrderSort (0ms)
		DisableScriptedObjects (0ms)
		BackupInstance (0ms)
		ReleaseScriptingObjects (0ms)
		CreateAndSetChildDomain (0ms)
	RebuildCommonClasses (21ms)
	RebuildNativeTypeToScriptingClass (7ms)
	initialDomainReloadingComplete (29ms)
	LoadAllAssembliesAndSetupDomain (94ms)
		LoadAssemblies (58ms)
		RebuildTransferFunctionScriptingTraits (0ms)
		AnalyzeDomain (93ms)
			TypeCache.Refresh (92ms)
				TypeCache.ScanAssembly (83ms)
			ScanForSourceGeneratedMonoScriptInfo (0ms)
			ResolveRequiredComponents (0ms)
	FinalizeReload (242ms)
		ReleaseScriptCaches (0ms)
		RebuildScriptCaches (0ms)
		SetupLoadedEditorAssemblies (208ms)
			LogAssemblyErrors (0ms)
			InitializePlatformSupportModulesInManaged (131ms)
			SetLoadedEditorAssemblies (2ms)
			RefreshPlugins (0ms)
			BeforeProcessingInitializeOnLoad (1ms)
			ProcessInitializeOnLoadAttributes (52ms)
			ProcessInitializeOnLoadMethodAttributes (21ms)
			AfterProcessingInitializeOnLoad (0ms)
			EditorAssembliesLoaded (0ms)
		ExecutionOrderSort2 (0ms)
		AwakeInstancesAfterBackupRestoration (0ms)
========================================================================
Worker process is ready to serve import requests
Begin MonoManager ReloadAssembly
- Loaded All Assemblies, in  0.320 seconds
Refreshing native plugins compatible for Editor in 0.71 ms, found 2 plugins.
Native extension for WindowsStandalone target not found
Native extension for Android target not found
Native extension for OSXStandalone target not found
Native extension for WebGL target not found
Package Manager log level set to [2]
[Package Manager] Server::EnsureServerProcessIsRunning -- launch failed, reason: Unity was launched with the -noUpm command-line argument
[Package Manager] UpmClient::Send -- Unable to send message (not connected to UPM process).
[Package Manager] Cannot connect to Unity Package Manager local server
Mono: successfully reloaded assembly
- Finished resetting the current domain, in  0.296 seconds
Domain Reload Profiling: 617ms
	BeginReloadAssembly (63ms)
		ExecutionOrderSort (0ms)
		DisableScriptedObjects (3ms)
		BackupInstance (0ms)
		ReleaseScriptingObjects (0ms)
		CreateAndSetChildDomain (16ms)
	RebuildCommonClasses (20ms)
	RebuildNativeTypeToScriptingClass (7ms)
	initialDomainReloadingComplete (19ms)
	LoadAllAssembliesAndSetupDomain (211ms)
		LoadAssemblies (134ms)
		RebuildTransferFunctionScriptingTraits (0ms)
		AnalyzeDomain (104ms)
			TypeCache.Refresh (95ms)
				TypeCache.ScanAssembly (84ms)
			ScanForSourceGeneratedMonoScriptInfo (6ms)
			ResolveRequiredComponents (2ms)
	FinalizeReload (297ms)
		ReleaseScriptCaches (0ms)
		RebuildScriptCaches (0ms)
		SetupLoadedEditorAssemblies (197ms)
			LogAssemblyErrors (0ms)
			InitializePlatformSupportModulesInManaged (11ms)
			SetLoadedEditorAssemblies (2ms)
			RefreshPlugins (0ms)
			BeforeProcessingInitializeOnLoad (25ms)
			ProcessInitializeOnLoadAttributes (150ms)
			ProcessInitializeOnLoadMethodAttributes (9ms)
			AfterProcessingInitializeOnLoad (1ms)
			EditorAssembliesLoaded (0ms)
		ExecutionOrderSort2 (0ms)
		AwakeInstancesAfterBackupRestoration (2ms)
Launching external process: /Applications/Unity/Hub/Editor/2022.3.21f1/Unity.app/Contents/Tools/UnityShaderCompiler
Launched and connected shader compiler UnityShaderCompiler after 0.02 seconds
Refreshing native plugins compatible for Editor in 0.62 ms, found 2 plugins.
Preloading 0 native plugins for Editor in 0.00 ms.
Unloading 3141 Unused Serialized files (Serialized files now loaded: 0)
Unloading 32 unused Assets / (51.5 KB). Loaded Objects now: 3605.
Memory consumption went from 134.9 MB to 134.9 MB.
Total: 2.073584 ms (FindLiveObjects: 0.075917 ms CreateObjectMapping: 0.045000 ms MarkObjects: 1.884667 ms  DeleteObjects: 0.067584 ms)

AssetImportParameters requested are different than current active one (requested -> active):
  custom:container-demuxer-ogg: 62fdf1f143b41e24485cea50d1cbac27 -> 
  custom:video-decoder-ogg-theora: a1e56fd34408186e4bbccfd4996cb3dc -> 
  custom:CustomObjectIndexerAttribute: 9a22284fe3817be447336de3de66b15e -> 
  custom:container-demuxer-webm: 4f35f7cbe854078d1ac9338744f61a02 -> 
  custom:container-muxer-webm: aa71ff27fc2769a1b78a27578f13a17b -> 
  custom:video-decoder-webm-vp8: 9c59270c3fd7afecdb556c50c9e8de78 -> 
  custom:SearchIndexIgnoredProperties: e643bd26f0fe6173181afceb89e7c659 -> 
  custom:AudioImporter_EditorPlatform: 3918e3fc78b5a79bad01e8451be0beb8 -> 
  custom:framework-osx-AVFoundation: e770b220cccbd017edd2c1fefb359320 -> 
  custom:video-encoder-webm-vp8: eb34c28f22e8b96e1ab97ce403110664 -> 
  custom:audio-decoder-ogg-vorbis: bf7c407c2cedff20999df2af8eb42d56 -> 
  custom:audio-encoder-webm-vorbis: bf7c407c2cedff20999df2af8eb42d56 -> 
========================================================================
Received Import Request.
  Time since last request: 15967.084788 seconds.
  path: Assets/Materials
  artifactKey: Guid(158ab3018141d43249de419942e237b2) Importer(815301076,1909f56bfc062723c751e8b465ee728b)
Start importing Assets/Materials using Guid(158ab3018141d43249de419942e237b2) Importer(815301076,1909f56bfc062723c751e8b465ee728b)  -> (artifact id: '8b4d67153bc35606884a095187efa303') in 0.001968 seconds
Number of updated asset objects reloaded before import = 0
Number of asset objects unloaded after import = 0
========================================================================
Received Import Request.
  Time since last request: 0.043303 seconds.
  path: Assets/Materials/adapter.mat
  artifactKey: Guid(0a8807d2932d445eab732cbbd856aa9a) Importer(815301076,1909f56bfc062723c751e8b465ee728b)
Start importing Assets/Materials/adapter.mat using Guid(0a8807d2932d445eab732cbbd856aa9a) Importer(815301076,1909f56bfc062723c751e8b465ee728b)  -> (artifact id: 'c934f79a180ed38a7da3586a96352d1d') in 0.320594 seconds
Number of updated asset objects reloaded before import = 0
Number of asset objects unloaded after import = 3
========================================================================
Received Import Request.
  Time since last request: 0.000041 seconds.
  path: Assets/Materials/Liquid.mat
  artifactKey: Guid(fa5aae5f314664f5c8a76c5b30613bfa) Importer(815301076,1909f56bfc062723c751e8b465ee728b)
Start importing Assets/Materials/Liquid.mat using Guid(fa5aae5f314664f5c8a76c5b30613bfa) Importer(815301076,1909f56bfc062723c751e8b465ee728b)  -> (artifact id: 'db29e82d76b746d5449ebc4fe2fdb745') in 0.267657 seconds
Number of updated asset objects reloaded before import = 0
Number of asset objects unloaded after import = 1
========================================================================
Received Import Request.
  Time since last request: 66.315408 seconds.
  path: Assets/Models
  artifactKey: Guid(e3b2ebec0cbb14611bab6ce4d764166f) Importer(815301076,1909f56bfc062723c751e8b465ee728b)
Start importing Assets/Models using Guid(e3b2ebec0cbb14611bab6ce4d764166f) Importer(815301076,1909f56bfc062723c751e8b465ee728b)  -> (artifact id: '23a34d68692379c903ca95de13a070ac') in 0.000784 seconds
Number of updated asset objects reloaded before import = 0
Number of asset objects unloaded after import = 0
========================================================================
Received Import Request.
  Time since last request: 0.720232 seconds.
  path: Assets/Models/cateter16IV.fbx
  artifactKey: Guid(0eb3443eb674f4bd5a35e3e0518553c5) Importer(815301076,1909f56bfc062723c751e8b465ee728b)
Start importing Assets/Models/cateter16IV.fbx using Guid(0eb3443eb674f4bd5a35e3e0518553c5) Importer(815301076,1909f56bfc062723c751e8b465ee728b)  -> (artifact id: '5b849d6aa25e6cbf83123aa7bc840ec2') in 0.030820 seconds
Number of updated asset objects reloaded before import = 0
Number of asset objects unloaded after import = 7
========================================================================
Received Import Request.
  Time since last request: 0.000030 seconds.
  path: Assets/Models/PulseOximeter.fbx
  artifactKey: Guid(73080616394411b46b20a47e42495ace) Importer(815301076,1909f56bfc062723c751e8b465ee728b)
Start importing Assets/Models/PulseOximeter.fbx using Guid(73080616394411b46b20a47e42495ace) Importer(815301076,1909f56bfc062723c751e8b465ee728b)  -> (artifact id: 'ad7520486bcc3c2109a639fada2150be') in 0.078971 seconds
Number of updated asset objects reloaded before import = 0
Number of asset objects unloaded after import = 29
========================================================================
Received Import Request.
  Time since last request: 0.000036 seconds.
  path: Assets/Models/syringefinal.fbx
  artifactKey: Guid(db691bbaf0e76409cbf8078aad658862) Importer(815301076,1909f56bfc062723c751e8b465ee728b)
Start importing Assets/Models/syringefinal.fbx using Guid(db691bbaf0e76409cbf8078aad658862) Importer(815301076,1909f56bfc062723c751e8b465ee728b)  -> (artifact id: '564cbc872942f885a30fe9c21c98d7cc') in 0.023749 seconds
Number of updated asset objects reloaded before import = 0
Number of asset objects unloaded after import = 29
========================================================================
Received Import Request.
  Time since last request: 0.000057 seconds.
  path: Assets/Models/Complete Male Anatomy.fbx
  artifactKey: Guid(430ea6e9222674d2b8151c8d4aea94c3) Importer(815301076,1909f56bfc062723c751e8b465ee728b)
Start importing Assets/Models/Complete Male Anatomy.fbx using Guid(430ea6e9222674d2b8151c8d4aea94c3) Importer(815301076,1909f56bfc062723c751e8b465ee728b)  -> (artifact id: 'c4aec32c8b833623227ea77dda25d5b5') in 2.710840 seconds
Number of updated asset objects reloaded before import = 0
Number of asset objects unloaded after import = 5738
========================================================================
Received Import Request.
  Time since last request: 30.362218 seconds.
  path: Assets/Physic
  artifactKey: Guid(6da40c342415648088d4971f33768a2f) Importer(815301076,1909f56bfc062723c751e8b465ee728b)
Start importing Assets/Physic using Guid(6da40c342415648088d4971f33768a2f) Importer(815301076,1909f56bfc062723c751e8b465ee728b)  -> (artifact id: '958ac446e2ba1502b7337f6397745341') in 0.003424 seconds
Number of updated asset objects reloaded before import = 0
Number of asset objects unloaded after import = 0
========================================================================
Received Import Request.
  Time since last request: 0.391477 seconds.
  path: Assets/Physic/Limit.physicMaterial
  artifactKey: Guid(d221a9aac4eb84fde970194d2bf37fb4) Importer(815301076,1909f56bfc062723c751e8b465ee728b)
Start importing Assets/Physic/Limit.physicMaterial using Guid(d221a9aac4eb84fde970194d2bf37fb4) Importer(815301076,1909f56bfc062723c751e8b465ee728b)  -> (artifact id: '34bd886efaeb6c40d113d601069dea52') in 0.001131 seconds
Number of updated asset objects reloaded before import = 0
Number of asset objects unloaded after import = 1
========================================================================
Received Import Request.
  Time since last request: 8.616562 seconds.
  path: Assets/Prefabs
  artifactKey: Guid(8573c2a34d13d4f698a1948f687a8bfc) Importer(815301076,1909f56bfc062723c751e8b465ee728b)
Start importing Assets/Prefabs using Guid(8573c2a34d13d4f698a1948f687a8bfc) Importer(815301076,1909f56bfc062723c751e8b465ee728b)  -> (artifact id: 'd2bce1e7c7b0508e60226943de071866') in 0.000696 seconds
Number of updated asset objects reloaded before import = 0
Number of asset objects unloaded after import = 0
========================================================================
Received Import Request.
  Time since last request: 0.067557 seconds.
  path: Assets/Prefabs/Arteries Subgroup_002.prefab
  artifactKey: Guid(bdd5f0b30faa945ab9f91d6184192854) Importer(815301076,1909f56bfc062723c751e8b465ee728b)
Start importing Assets/Prefabs/Arteries Subgroup_002.prefab using Guid(bdd5f0b30faa945ab9f91d6184192854) Importer(815301076,1909f56bfc062723c751e8b465ee728b)  -> (artifact id: 'f870efcc47afa7b765ca3eb50989aa4e') in 0.012908 seconds
Number of updated asset objects reloaded before import = 0
Number of asset objects unloaded after import = 90
========================================================================
Received Import Request.
  Time since last request: 0.000037 seconds.
  path: Assets/Prefabs/OP_Mitte.prefab
  artifactKey: Guid(9f715fd066fae4c7fa42395b255fce4a) Importer(815301076,1909f56bfc062723c751e8b465ee728b)
Start importing Assets/Prefabs/OP_Mitte.prefab using Guid(9f715fd066fae4c7fa42395b255fce4a) Importer(815301076,1909f56bfc062723c751e8b465ee728b)  -> (artifact id: 'd64c9255f2410467219e2ef25be1c46b') in 0.000473 seconds
Number of updated asset objects reloaded before import = 0
Number of asset objects unloaded after import = 1
========================================================================
Received Import Request.
  Time since last request: 0.000069 seconds.
  path: Assets/Prefabs/catheter09.prefab
  artifactKey: Guid(4e987ab150f864f5aaa9bec6b5980310) Importer(815301076,1909f56bfc062723c751e8b465ee728b)
Start importing Assets/Prefabs/catheter09.prefab using Guid(4e987ab150f864f5aaa9bec6b5980310) Importer(815301076,1909f56bfc062723c751e8b465ee728b)  -> (artifact id: '23a15b6d639605b71486b2dc672038d2') in 0.009323 seconds
Number of updated asset objects reloaded before import = 0
Number of asset objects unloaded after import = 88
========================================================================
Received Import Request.
  Time since last request: 0.000057 seconds.
  path: Assets/Prefabs/spiderman2.prefab
  artifactKey: Guid(b13281a29255d41bd9ad9224a6ff5172) Importer(815301076,1909f56bfc062723c751e8b465ee728b)
Start importing Assets/Prefabs/spiderman2.prefab using Guid(b13281a29255d41bd9ad9224a6ff5172) Importer(815301076,1909f56bfc062723c751e8b465ee728b)  -> (artifact id: '1ee699284960712ec5fef538b5d4408e') in 0.001580 seconds
Number of updated asset objects reloaded before import = 0
Number of asset objects unloaded after import = 150
========================================================================
Received Import Request.
  Time since last request: 0.000036 seconds.
  path: Assets/Prefabs/syringefinal 1.prefab
  artifactKey: Guid(3bec48f1f5c5a4d8da895af44e6321b7) Importer(815301076,1909f56bfc062723c751e8b465ee728b)
Start importing Assets/Prefabs/syringefinal 1.prefab using Guid(3bec48f1f5c5a4d8da895af44e6321b7) Importer(815301076,1909f56bfc062723c751e8b465ee728b)  -> (artifact id: 'd755022d19f3c1ae7df2e6c8a83644a1') in 0.003313 seconds
Number of updated asset objects reloaded before import = 0
Number of asset objects unloaded after import = 27
========================================================================
Received Import Request.
  Time since last request: 0.000038 seconds.
  path: Assets/Prefabs/catheter09 1.prefab
  artifactKey: Guid(5e4b064ffc5f04f5a835ba8ade5bc3df) Importer(815301076,1909f56bfc062723c751e8b465ee728b)
Start importing Assets/Prefabs/catheter09 1.prefab using Guid(5e4b064ffc5f04f5a835ba8ade5bc3df) Importer(815301076,1909f56bfc062723c751e8b465ee728b)  -> (artifact id: '606877f619b5f2e4af06ae653696d4aa') in 0.004535 seconds
Number of updated asset objects reloaded before import = 0
Number of asset objects unloaded after import = 89
========================================================================
Received Import Request.
  Time since last request: 0.000035 seconds.
  path: Assets/Prefabs/Street Light.prefab
  artifactKey: Guid(44ad7dd4d9e894348a7bb637b79e0806) Importer(815301076,1909f56bfc062723c751e8b465ee728b)
Start importing Assets/Prefabs/Street Light.prefab using Guid(44ad7dd4d9e894348a7bb637b79e0806) Importer(815301076,1909f56bfc062723c751e8b465ee728b)  -> (artifact id: 'f9474ecaf092401514aa0e116522087d') in 0.003298 seconds
Number of updated asset objects reloaded before import = 0
Number of asset objects unloaded after import = 19
========================================================================
Received Import Request.
  Time since last request: 0.000081 seconds.
  path: Assets/Prefabs/HospitalBed.prefab
  artifactKey: Guid(a1e53a31de85e6845afc5c514f9c82a6) Importer(815301076,1909f56bfc062723c751e8b465ee728b)
Start importing Assets/Prefabs/HospitalBed.prefab using Guid(a1e53a31de85e6845afc5c514f9c82a6) Importer(815301076,1909f56bfc062723c751e8b465ee728b)  -> (artifact id: 'd9706d485cb58186688d5fa2e6ab4810') in 0.004486 seconds
Number of updated asset objects reloaded before import = 0
Number of asset objects unloaded after import = 154
========================================================================
Received Import Request.
  Time since last request: 0.000024 seconds.
  path: Assets/Prefabs/Player.prefab
  artifactKey: Guid(3dce62d61220e43199f137d7f60054e9) Importer(815301076,1909f56bfc062723c751e8b465ee728b)
Start importing Assets/Prefabs/Player.prefab using Guid(3dce62d61220e43199f137d7f60054e9) Importer(815301076,1909f56bfc062723c751e8b465ee728b)  -> (artifact id: 'b8167cd1cf3e9bf48c7c60e780e05553') in 0.022222 seconds
Number of updated asset objects reloaded before import = 0
Number of asset objects unloaded after import = 125
========================================================================
Received Import Request.
  Time since last request: 0.000027 seconds.
  path: Assets/Prefabs/cateter16IV.prefab
  artifactKey: Guid(44c1308dbe3bf4e6ba01e4d347a67efe) Importer(815301076,1909f56bfc062723c751e8b465ee728b)
Start importing Assets/Prefabs/cateter16IV.prefab using Guid(44c1308dbe3bf4e6ba01e4d347a67efe) Importer(815301076,1909f56bfc062723c751e8b465ee728b)  -> (artifact id: '3e3fb6105607d3650891730b2715a2f5') in 0.000682 seconds
Number of updated asset objects reloaded before import = 0
Number of asset objects unloaded after import = 6
========================================================================
Received Import Request.
  Time since last request: 16.608805 seconds.
  path: Assets/Prefabs/FullBody 1.prefab
  artifactKey: Guid(d99a8ed39bc444a0a804d9a65f167d6b) Importer(815301076,1909f56bfc062723c751e8b465ee728b)
Start importing Assets/Prefabs/FullBody 1.prefab using Guid(d99a8ed39bc444a0a804d9a65f167d6b) Importer(815301076,1909f56bfc062723c751e8b465ee728b)  -> (artifact id: 'c92b4d3d96406c9207a6a197aa616ac2') in 0.012773 seconds
Number of updated asset objects reloaded before import = 0
Number of asset objects unloaded after import = 309
========================================================================
Received Import Request.
  Time since last request: 130.579961 seconds.
  path: Assets/Prefabs/FullBody 1.prefab
  artifactKey: Guid(d99a8ed39bc444a0a804d9a65f167d6b) Importer(815301076,1909f56bfc062723c751e8b465ee728b)
Start importing Assets/Prefabs/FullBody 1.prefab using Guid(d99a8ed39bc444a0a804d9a65f167d6b) Importer(815301076,1909f56bfc062723c751e8b465ee728b)  -> (artifact id: 'b08798155e2a1c7cad36c62558fc3f5e') in 0.010621 seconds
Number of updated asset objects reloaded before import = 0
Number of asset objects unloaded after import = 251
========================================================================
Received Import Request.
  Time since last request: 10.453578 seconds.
  path: Assets/Scenes
  artifactKey: Guid(268fe26463a4345b197de3fd9fa5a712) Importer(815301076,1909f56bfc062723c751e8b465ee728b)
Start importing Assets/Scenes using Guid(268fe26463a4345b197de3fd9fa5a712) Importer(815301076,1909f56bfc062723c751e8b465ee728b)  -> (artifact id: '69b0bf79076645f145b37cd22bf0795f') in 0.000509 seconds
Number of updated asset objects reloaded before import = 0
Number of asset objects unloaded after import = 0
========================================================================
Received Prepare
Begin MonoManager ReloadAssembly
Thread 0x32627f000 may have been prematurely finalized
- Loaded All Assemblies, in  0.207 seconds
Refreshing native plugins compatible for Editor in 0.73 ms, found 2 plugins.
Native extension for WindowsStandalone target not found
Native extension for Android target not found
Native extension for OSXStandalone target not found
Native extension for WebGL target not found
[Package Manager] Server::EnsureServerProcessIsRunning -- launch failed, reason: Unity was launched with the -noUpm command-line argument
[Package Manager] UpmClient::Send -- Unable to send message (not connected to UPM process).
[Package Manager] Cannot connect to Unity Package Manager local server
Mono: successfully reloaded assembly
- Finished resetting the current domain, in  0.608 seconds
Domain Reload Profiling: 815ms
	BeginReloadAssembly (74ms)
		ExecutionOrderSort (0ms)
		DisableScriptedObjects (2ms)
		BackupInstance (0ms)
		ReleaseScriptingObjects (0ms)
		CreateAndSetChildDomain (25ms)
	RebuildCommonClasses (21ms)
	RebuildNativeTypeToScriptingClass (7ms)
	initialDomainReloadingComplete (12ms)
	LoadAllAssembliesAndSetupDomain (93ms)
		LoadAssemblies (106ms)
		RebuildTransferFunctionScriptingTraits (0ms)
		AnalyzeDomain (13ms)
			TypeCache.Refresh (6ms)
				TypeCache.ScanAssembly (0ms)
			ScanForSourceGeneratedMonoScriptInfo (4ms)
			ResolveRequiredComponents (2ms)
	FinalizeReload (608ms)
		ReleaseScriptCaches (0ms)
		RebuildScriptCaches (0ms)
		SetupLoadedEditorAssemblies (180ms)
			LogAssemblyErrors (0ms)
			InitializePlatformSupportModulesInManaged (12ms)
			SetLoadedEditorAssemblies (2ms)
			RefreshPlugins (0ms)
			BeforeProcessingInitializeOnLoad (28ms)
			ProcessInitializeOnLoadAttributes (128ms)
			ProcessInitializeOnLoadMethodAttributes (9ms)
			AfterProcessingInitializeOnLoad (0ms)
			EditorAssembliesLoaded (0ms)
		ExecutionOrderSort2 (0ms)
		AwakeInstancesAfterBackupRestoration (2ms)
Refreshing native plugins compatible for Editor in 0.65 ms, found 2 plugins.
Preloading 0 native plugins for Editor in 0.00 ms.
Unloading 3075 Unused Serialized files (Serialized files now loaded: 0)
Unloading 66 unused Assets / (53.0 KB). Loaded Objects now: 3611.
Memory consumption went from 136.6 MB to 136.5 MB.
Total: 1.968375 ms (FindLiveObjects: 0.086875 ms CreateObjectMapping: 0.041750 ms MarkObjects: 1.785542 ms  DeleteObjects: 0.053958 ms)

Prepare: number of updated asset objects reloaded= 13
AssetImportParameters requested are different than current active one (requested -> active):
  custom:container-demuxer-ogg: 62fdf1f143b41e24485cea50d1cbac27 -> 
  custom:video-decoder-ogg-theora: a1e56fd34408186e4bbccfd4996cb3dc -> 
  custom:CustomObjectIndexerAttribute: 9a22284fe3817be447336de3de66b15e -> 
  custom:container-demuxer-webm: 4f35f7cbe854078d1ac9338744f61a02 -> 
  custom:container-muxer-webm: aa71ff27fc2769a1b78a27578f13a17b -> 
  custom:video-decoder-webm-vp8: 9c59270c3fd7afecdb556c50c9e8de78 -> 
  custom:SearchIndexIgnoredProperties: e643bd26f0fe6173181afceb89e7c659 -> 
  custom:AudioImporter_EditorPlatform: 3918e3fc78b5a79bad01e8451be0beb8 -> 
  custom:framework-osx-AVFoundation: e770b220cccbd017edd2c1fefb359320 -> 
  custom:video-encoder-webm-vp8: eb34c28f22e8b96e1ab97ce403110664 -> 
  custom:audio-decoder-ogg-vorbis: bf7c407c2cedff20999df2af8eb42d56 -> 
  custom:audio-encoder-webm-vorbis: bf7c407c2cedff20999df2af8eb42d56 -> 
========================================================================
Received Prepare
Begin MonoManager ReloadAssembly
Thread 0x31235f000 may have been prematurely finalized
- Loaded All Assemblies, in  0.239 seconds
Refreshing native plugins compatible for Editor in 0.72 ms, found 2 plugins.
Native extension for WindowsStandalone target not found
Native extension for Android target not found
Native extension for OSXStandalone target not found
Native extension for WebGL target not found
[Package Manager] Server::EnsureServerProcessIsRunning -- launch failed, reason: Unity was launched with the -noUpm command-line argument
[Package Manager] UpmClient::Send -- Unable to send message (not connected to UPM process).
[Package Manager] Cannot connect to Unity Package Manager local server
Mono: successfully reloaded assembly
- Finished resetting the current domain, in  0.613 seconds
Domain Reload Profiling: 852ms
	BeginReloadAssembly (74ms)
		ExecutionOrderSort (0ms)
		DisableScriptedObjects (3ms)
		BackupInstance (0ms)
		ReleaseScriptingObjects (0ms)
		CreateAndSetChildDomain (24ms)
	RebuildCommonClasses (21ms)
	RebuildNativeTypeToScriptingClass (7ms)
	initialDomainReloadingComplete (13ms)
	LoadAllAssembliesAndSetupDomain (124ms)
		LoadAssemblies (136ms)
		RebuildTransferFunctionScriptingTraits (0ms)
		AnalyzeDomain (14ms)
			TypeCache.Refresh (7ms)
				TypeCache.ScanAssembly (1ms)
			ScanForSourceGeneratedMonoScriptInfo (4ms)
			ResolveRequiredComponents (3ms)
	FinalizeReload (613ms)
		ReleaseScriptCaches (0ms)
		RebuildScriptCaches (0ms)
		SetupLoadedEditorAssemblies (173ms)
			LogAssemblyErrors (0ms)
			InitializePlatformSupportModulesInManaged (11ms)
			SetLoadedEditorAssemblies (2ms)
			RefreshPlugins (0ms)
			BeforeProcessingInitializeOnLoad (26ms)
			ProcessInitializeOnLoadAttributes (125ms)
			ProcessInitializeOnLoadMethodAttributes (9ms)
			AfterProcessingInitializeOnLoad (1ms)
			EditorAssembliesLoaded (0ms)
		ExecutionOrderSort2 (0ms)
		AwakeInstancesAfterBackupRestoration (2ms)
Refreshing native plugins compatible for Editor in 0.69 ms, found 2 plugins.
Preloading 0 native plugins for Editor in 0.00 ms.
Unloading 3132 Unused Serialized files (Serialized files now loaded: 0)
Unloading 34 unused Assets / (0.6 MB). Loaded Objects now: 3646.
Memory consumption went from 147.7 MB to 147.1 MB.
Total: 2.251833 ms (FindLiveObjects: 0.099417 ms CreateObjectMapping: 0.048334 ms MarkObjects: 1.874916 ms  DeleteObjects: 0.228750 ms)

Prepare: number of updated asset objects reloaded= 0
AssetImportParameters requested are different than current active one (requested -> active):
  custom:container-demuxer-ogg: 62fdf1f143b41e24485cea50d1cbac27 -> 
  custom:video-decoder-ogg-theora: a1e56fd34408186e4bbccfd4996cb3dc -> 
  custom:CustomObjectIndexerAttribute: 9a22284fe3817be447336de3de66b15e -> 
  custom:container-demuxer-webm: 4f35f7cbe854078d1ac9338744f61a02 -> 
  custom:container-muxer-webm: aa71ff27fc2769a1b78a27578f13a17b -> 
  custom:video-decoder-webm-vp8: 9c59270c3fd7afecdb556c50c9e8de78 -> 
  custom:SearchIndexIgnoredProperties: e643bd26f0fe6173181afceb89e7c659 -> 
  custom:AudioImporter_EditorPlatform: 3918e3fc78b5a79bad01e8451be0beb8 -> 
  custom:framework-osx-AVFoundation: e770b220cccbd017edd2c1fefb359320 -> 
  custom:video-encoder-webm-vp8: eb34c28f22e8b96e1ab97ce403110664 -> 
  custom:audio-decoder-ogg-vorbis: bf7c407c2cedff20999df2af8eb42d56 -> 
  custom:audio-encoder-webm-vorbis: bf7c407c2cedff20999df2af8eb42d56 -> 
========================================================================
Received Import Request.
  Time since last request: 98.947909 seconds.
  path: Assets/Resources
  artifactKey: Guid(e5c6bd111e3144372be9cf9a7ce3a77c) Importer(815301076,1909f56bfc062723c751e8b465ee728b)
Start importing Assets/Resources using Guid(e5c6bd111e3144372be9cf9a7ce3a77c) Importer(815301076,1909f56bfc062723c751e8b465ee728b)  -> (artifact id: '10adefae1b009503bd938f5856ee4aef') in 0.001818 seconds
Number of updated asset objects reloaded before import = 0
Number of asset objects unloaded after import = 0
========================================================================
Received Import Request.
  Time since last request: 0.054612 seconds.
  path: Assets/Resources/TempBeep.wav
  artifactKey: Guid(0f5f133dbaeee48908bf5fefba6d2f0a) Importer(815301076,1909f56bfc062723c751e8b465ee728b)
Start importing Assets/Resources/TempBeep.wav using Guid(0f5f133dbaeee48908bf5fefba6d2f0a) Importer(815301076,1909f56bfc062723c751e8b465ee728b)  -> (artifact id: 'a32ddfc6632dac520ba7b22495e63417') in 0.048336 seconds
Number of updated asset objects reloaded before import = 0
Number of asset objects unloaded after import = 2
========================================================================
Received Import Request.
  Time since last request: 4.464611 seconds.
  path: Assets/Scenes
  artifactKey: Guid(8055f9b2ba93249cb9b6ed364b545295) Importer(815301076,1909f56bfc062723c751e8b465ee728b)
Start importing Assets/Scenes using Guid(8055f9b2ba93249cb9b6ed364b545295) Importer(815301076,1909f56bfc062723c751e8b465ee728b)  -> (artifact id: 'b801f5a94ad440944b447bb00a21cad3') in 0.000485 seconds
Number of updated asset objects reloaded before import = 0
Number of asset objects unloaded after import = 0
========================================================================
Received Import Request.
  Time since last request: 2.098891 seconds.
  path: Assets/Scenes/Checkpoint1.unity
  artifactKey: Guid(2b091a77c5b6949be9db2c35802be8a4) Importer(815301076,1909f56bfc062723c751e8b465ee728b)
Start importing Assets/Scenes/Checkpoint1.unity using Guid(2b091a77c5b6949be9db2c35802be8a4) Importer(815301076,1909f56bfc062723c751e8b465ee728b)  -> (artifact id: '337fe2fe1b08729a16442a5e775244f7') in 0.000426 seconds
Number of updated asset objects reloaded before import = 0
Number of asset objects unloaded after import = 0
========================================================================
Received Import Request.
  Time since last request: 1.218047 seconds.
  path: Assets/Scenes/StillSleeping.unity
  artifactKey: Guid(d683dd7fadcc94535ae27561049ce7b0) Importer(815301076,1909f56bfc062723c751e8b465ee728b)
Start importing Assets/Scenes/StillSleeping.unity using Guid(d683dd7fadcc94535ae27561049ce7b0) Importer(815301076,1909f56bfc062723c751e8b465ee728b)  -> (artifact id: '2d9c4021c4b80336b8f44a52b562b6bb') in 0.000626 seconds
Number of updated asset objects reloaded before import = 0
Number of asset objects unloaded after import = 0
========================================================================
Received Import Request.
  Time since last request: 6.925719 seconds.
  path: Assets/Scenes/Main.unity
  artifactKey: Guid(321494320d5a64e3d88f974452f6a440) Importer(815301076,1909f56bfc062723c751e8b465ee728b)
Start importing Assets/Scenes/Main.unity using Guid(321494320d5a64e3d88f974452f6a440) Importer(815301076,1909f56bfc062723c751e8b465ee728b)  -> (artifact id: '331e8ef6b0723ab0601c3bb101e23a58') in 0.000665 seconds
Number of updated asset objects reloaded before import = 0
Number of asset objects unloaded after import = 0
========================================================================
Received Import Request.
  Time since last request: 7.271331 seconds.
  path: Assets/Scripts
  artifactKey: Guid(f2131ba46f22b42719f443d35cfc62cd) Importer(815301076,1909f56bfc062723c751e8b465ee728b)
Start importing Assets/Scripts using Guid(f2131ba46f22b42719f443d35cfc62cd) Importer(815301076,1909f56bfc062723c751e8b465ee728b)  -> (artifact id: 'cbb36b33da04b3a69ca5dc2ba40b2abe') in 0.000469 seconds
Number of updated asset objects reloaded before import = 0
Number of asset objects unloaded after import = 0
========================================================================
Received Import Request.
  Time since last request: 1.205471 seconds.
  path: Assets/Scripts/FollowPlayer.cs
  artifactKey: Guid(4cb01580b52ec498a98be2147b635a9b) Importer(815301076,1909f56bfc062723c751e8b465ee728b)
Start importing Assets/Scripts/FollowPlayer.cs using Guid(4cb01580b52ec498a98be2147b635a9b) Importer(815301076,1909f56bfc062723c751e8b465ee728b)  -> (artifact id: '47c599b7672036c291f1f929d8dd5705') in 0.000561 seconds
Number of updated asset objects reloaded before import = 0
Number of asset objects unloaded after import = 0
========================================================================
Received Import Request.
  Time since last request: 6.440174 seconds.
  path: Assets/Scripts/TransparencyController.cs
  artifactKey: Guid(10c3b976ceecf491b8cfe8904262d7c6) Importer(815301076,1909f56bfc062723c751e8b465ee728b)
Start importing Assets/Scripts/TransparencyController.cs using Guid(10c3b976ceecf491b8cfe8904262d7c6) Importer(815301076,1909f56bfc062723c751e8b465ee728b)  -> (artifact id: 'bdcdf87129d169af87b8c8ad02618778') in 0.000415 seconds
Number of updated asset objects reloaded before import = 0
Number of asset objects unloaded after import = 0
========================================================================
Received Prepare
Begin MonoManager ReloadAssembly
Thread 0x312217000 may have been prematurely finalized
- Loaded All Assemblies, in  0.236 seconds
Refreshing native plugins compatible for Editor in 0.73 ms, found 2 plugins.
Native extension for WindowsStandalone target not found
Native extension for Android target not found
Native extension for OSXStandalone target not found
Native extension for WebGL target not found
[Package Manager] Server::EnsureServerProcessIsRunning -- launch failed, reason: Unity was launched with the -noUpm command-line argument
[Package Manager] UpmClient::Send -- Unable to send message (not connected to UPM process).
[Package Manager] Cannot connect to Unity Package Manager local server
Mono: successfully reloaded assembly
- Finished resetting the current domain, in  0.614 seconds
Domain Reload Profiling: 851ms
	BeginReloadAssembly (75ms)
		ExecutionOrderSort (0ms)
		DisableScriptedObjects (3ms)
		BackupInstance (0ms)
		ReleaseScriptingObjects (0ms)
		CreateAndSetChildDomain (25ms)
	RebuildCommonClasses (19ms)
	RebuildNativeTypeToScriptingClass (7ms)
	initialDomainReloadingComplete (11ms)
	LoadAllAssembliesAndSetupDomain (124ms)
		LoadAssemblies (138ms)
		RebuildTransferFunctionScriptingTraits (0ms)
		AnalyzeDomain (14ms)
			TypeCache.Refresh (6ms)
				TypeCache.ScanAssembly (0ms)
			ScanForSourceGeneratedMonoScriptInfo (4ms)
			ResolveRequiredComponents (3ms)
	FinalizeReload (614ms)
		ReleaseScriptCaches (0ms)
		RebuildScriptCaches (0ms)
		SetupLoadedEditorAssemblies (167ms)
			LogAssemblyErrors (0ms)
			InitializePlatformSupportModulesInManaged (11ms)
			SetLoadedEditorAssemblies (2ms)
			RefreshPlugins (0ms)
			BeforeProcessingInitializeOnLoad (25ms)
			ProcessInitializeOnLoadAttributes (120ms)
			ProcessInitializeOnLoadMethodAttributes (9ms)
			AfterProcessingInitializeOnLoad (0ms)
			EditorAssembliesLoaded (0ms)
		ExecutionOrderSort2 (0ms)
		AwakeInstancesAfterBackupRestoration (2ms)
Refreshing native plugins compatible for Editor in 0.67 ms, found 2 plugins.
Preloading 0 native plugins for Editor in 0.00 ms.
Unloading 3121 Unused Serialized files (Serialized files now loaded: 0)
Unloading 44 unused Assets / (0.6 MB). Loaded Objects now: 3641.
Memory consumption went from 155.2 MB to 154.5 MB.
Total: 2.197542 ms (FindLiveObjects: 0.101084 ms CreateObjectMapping: 0.048292 ms MarkObjects: 1.838375 ms  DeleteObjects: 0.209292 ms)

Prepare: number of updated asset objects reloaded= 0
AssetImportParameters requested are different than current active one (requested -> active):
  custom:container-demuxer-ogg: 62fdf1f143b41e24485cea50d1cbac27 -> 
  custom:video-decoder-ogg-theora: a1e56fd34408186e4bbccfd4996cb3dc -> 
  custom:CustomObjectIndexerAttribute: 9a22284fe3817be447336de3de66b15e -> 
  custom:container-demuxer-webm: 4f35f7cbe854078d1ac9338744f61a02 -> 
  custom:container-muxer-webm: aa71ff27fc2769a1b78a27578f13a17b -> 
  custom:video-decoder-webm-vp8: 9c59270c3fd7afecdb556c50c9e8de78 -> 
  custom:SearchIndexIgnoredProperties: e643bd26f0fe6173181afceb89e7c659 -> 
  custom:AudioImporter_EditorPlatform: 3918e3fc78b5a79bad01e8451be0beb8 -> 
  custom:framework-osx-AVFoundation: e770b220cccbd017edd2c1fefb359320 -> 
  custom:video-encoder-webm-vp8: eb34c28f22e8b96e1ab97ce403110664 -> 
  custom:audio-decoder-ogg-vorbis: bf7c407c2cedff20999df2af8eb42d56 -> 
  custom:audio-encoder-webm-vorbis: bf7c407c2cedff20999df2af8eb42d56 -> 
========================================================================
Received Import Request.
  Time since last request: 7.181243 seconds.
  path: Assets/Sounds
  artifactKey: Guid(6f8140cfe6d4a49e7bb30e8e8e00b551) Importer(815301076,1909f56bfc062723c751e8b465ee728b)
Start importing Assets/Sounds using Guid(6f8140cfe6d4a49e7bb30e8e8e00b551) Importer(815301076,1909f56bfc062723c751e8b465ee728b)  -> (artifact id: '033406ec98e103ef4c5bda38598c9fb0') in 0.001111 seconds
Number of updated asset objects reloaded before import = 0
Number of asset objects unloaded after import = 0
========================================================================
Received Import Request.
  Time since last request: 0.029761 seconds.
  path: Assets/Sounds/TempBeep.wav
  artifactKey: Guid(7e63bce688ddf4f35baf85da1e67d01b) Importer(815301076,1909f56bfc062723c751e8b465ee728b)
Start importing Assets/Sounds/TempBeep.wav using Guid(7e63bce688ddf4f35baf85da1e67d01b) Importer(815301076,1909f56bfc062723c751e8b465ee728b)  -> (artifact id: 'b74f3ec4d2fdcd2520ee590caf043ee1') in 0.024155 seconds
Number of updated asset objects reloaded before import = 0
Number of asset objects unloaded after import = 2
========================================================================
Received Import Request.
  Time since last request: 2.780188 seconds.
  path: Assets/TextMesh Pro
  artifactKey: Guid(f54d1bd14bd3ca042bd867b519fee8cc) Importer(815301076,1909f56bfc062723c751e8b465ee728b)
Start importing Assets/TextMesh Pro using Guid(f54d1bd14bd3ca042bd867b519fee8cc) Importer(815301076,1909f56bfc062723c751e8b465ee728b)  -> (artifact id: '30796653c4dfc1f2480bca9d8b60487c') in 0.000573 seconds
Number of updated asset objects reloaded before import = 0
Number of asset objects unloaded after import = 0
========================================================================
Received Import Request.
  Time since last request: 3.456168 seconds.
  path: Assets/Textures
  artifactKey: Guid(4548546a0cdaf491e94029db21fced29) Importer(815301076,1909f56bfc062723c751e8b465ee728b)
Start importing Assets/Textures using Guid(4548546a0cdaf491e94029db21fced29) Importer(815301076,1909f56bfc062723c751e8b465ee728b)  -> (artifact id: 'bc159b406f1d35c2783d3d3f76223840') in 0.000412 seconds
Number of updated asset objects reloaded before import = 0
Number of asset objects unloaded after import = 0
========================================================================
Received Import Request.
  Time since last request: 0.087834 seconds.
  path: Assets/Textures/Bed_albedo.jpg
  artifactKey: Guid(a13728add4961455cbd7b16f83afc3da) Importer(815301076,1909f56bfc062723c751e8b465ee728b)
Start importing Assets/Textures/Bed_albedo.jpg using Guid(a13728add4961455cbd7b16f83afc3da) Importer(815301076,1909f56bfc062723c751e8b465ee728b)  -> (artifact id: 'f1092134032cfca81ae0cd8d94e1f727') in 0.015887 seconds
Number of updated asset objects reloaded before import = 0
Number of asset objects unloaded after import = 2
========================================================================
Received Import Request.
  Time since last request: 0.000103 seconds.
  path: Assets/Textures/Commode_roughness.jpg
  artifactKey: Guid(b77eccc5443e64259b676f370f0758d8) Importer(815301076,1909f56bfc062723c751e8b465ee728b)
Start importing Assets/Textures/Commode_roughness.jpg using Guid(b77eccc5443e64259b676f370f0758d8) Importer(815301076,1909f56bfc062723c751e8b465ee728b)  -> (artifact id: '16d502bbfd43ad64431b711fc8fe71e1') in 0.004531 seconds
Number of updated asset objects reloaded before import = 0
Number of asset objects unloaded after import = 2
========================================================================
Received Import Request.
  Time since last request: 0.000087 seconds.
  path: Assets/Textures/Curtain_AO.jpg
  artifactKey: Guid(5ec82e476303846128d633cc7869c8f4) Importer(815301076,1909f56bfc062723c751e8b465ee728b)
Start importing Assets/Textures/Curtain_AO.jpg using Guid(5ec82e476303846128d633cc7869c8f4) Importer(815301076,1909f56bfc062723c751e8b465ee728b)  -> (artifact id: '8dc36d70020dc9a59b7862cac2d851f0') in 0.004214 seconds
Number of updated asset objects reloaded before import = 0
Number of asset objects unloaded after import = 2
========================================================================
Received Import Request.
  Time since last request: 0.000065 seconds.
  path: Assets/Textures/Cabinet2_metallic.jpg
  artifactKey: Guid(6a1fb7a0e32514c5d87c096d72be171d) Importer(815301076,1909f56bfc062723c751e8b465ee728b)
Start importing Assets/Textures/Cabinet2_metallic.jpg using Guid(6a1fb7a0e32514c5d87c096d72be171d) Importer(815301076,1909f56bfc062723c751e8b465ee728b)  -> (artifact id: 'b56855d18a43a362636c40707e82786b') in 0.004343 seconds
Number of updated asset objects reloaded before import = 0
Number of asset objects unloaded after import = 2
========================================================================
Received Import Request.
  Time since last request: 0.000070 seconds.
  path: Assets/Textures/FoodTable_AO.jpg
  artifactKey: Guid(6930468d4b2ea440b9e1ac0785fadc7c) Importer(815301076,1909f56bfc062723c751e8b465ee728b)
Start importing Assets/Textures/FoodTable_AO.jpg using Guid(6930468d4b2ea440b9e1ac0785fadc7c) Importer(815301076,1909f56bfc062723c751e8b465ee728b)  -> (artifact id: 'b2bb964dd3ad60e6b37cfb10f3ee4a71') in 0.004525 seconds
Number of updated asset objects reloaded before import = 0
Number of asset objects unloaded after import = 2
========================================================================
Received Import Request.
  Time since last request: 0.000049 seconds.
  path: Assets/Textures/Cabinet1_AO.jpg
  artifactKey: Guid(e55784d4c8b254886ad0b8b32f6d87b0) Importer(815301076,1909f56bfc062723c751e8b465ee728b)
Start importing Assets/Textures/Cabinet1_AO.jpg using Guid(e55784d4c8b254886ad0b8b32f6d87b0) Importer(815301076,1909f56bfc062723c751e8b465ee728b)  -> (artifact id: '4994db33d594a00f4d70e5a95e1a2557') in 0.004731 seconds
Number of updated asset objects reloaded before import = 0
Number of asset objects unloaded after import = 2
========================================================================
Received Import Request.
  Time since last request: 0.000088 seconds.
  path: Assets/Textures/Curtain_roughness.jpg
  artifactKey: Guid(a0cda95374fab4a2eab8df8acb8ac1cc) Importer(815301076,1909f56bfc062723c751e8b465ee728b)
Start importing Assets/Textures/Curtain_roughness.jpg using Guid(a0cda95374fab4a2eab8df8acb8ac1cc) Importer(815301076,1909f56bfc062723c751e8b465ee728b)  -> (artifact id: '382f5dc4dd2724a60808b6425bd4b62f') in 0.004711 seconds
Number of updated asset objects reloaded before import = 0
Number of asset objects unloaded after import = 2
========================================================================
Received Import Request.
  Time since last request: 0.000081 seconds.
  path: Assets/Textures/Commode_metallic.jpg
  artifactKey: Guid(c6b1a67257e66499ebba9173e444e936) Importer(815301076,1909f56bfc062723c751e8b465ee728b)
Start importing Assets/Textures/Commode_metallic.jpg using Guid(c6b1a67257e66499ebba9173e444e936) Importer(815301076,1909f56bfc062723c751e8b465ee728b)  -> (artifact id: '1e3a97d92155be9ac3796b65817b47fa') in 0.004238 seconds
Number of updated asset objects reloaded before import = 0
Number of asset objects unloaded after import = 2
========================================================================
Received Import Request.
  Time since last request: 0.000042 seconds.
  path: Assets/Textures/Chair_albedo.jpg
  artifactKey: Guid(2f5c47562e2dd4ff482b26f3bf13c3d9) Importer(815301076,1909f56bfc062723c751e8b465ee728b)
Start importing Assets/Textures/Chair_albedo.jpg using Guid(2f5c47562e2dd4ff482b26f3bf13c3d9) Importer(815301076,1909f56bfc062723c751e8b465ee728b)  -> (artifact id: '6cd015282c1fe0bf16b2ad1dd357234a') in 0.004588 seconds
Number of updated asset objects reloaded before import = 0
Number of asset objects unloaded after import = 2
========================================================================
Received Import Request.
  Time since last request: 0.000055 seconds.
  path: Assets/Textures/Cabinet1DoorGlass_opacity.jpg
  artifactKey: Guid(9059a9f45df5949b082391110fbd9f33) Importer(815301076,1909f56bfc062723c751e8b465ee728b)
Start importing Assets/Textures/Cabinet1DoorGlass_opacity.jpg using Guid(9059a9f45df5949b082391110fbd9f33) Importer(815301076,1909f56bfc062723c751e8b465ee728b)  -> (artifact id: '53a122c4909c2edf181fbc6b3f41dcb8') in 0.003991 seconds
Number of updated asset objects reloaded before import = 0
Number of asset objects unloaded after import = 2
========================================================================
Received Import Request.
  Time since last request: 0.000074 seconds.
  path: Assets/Textures/ElectricSystm_roughness.jpg
  artifactKey: Guid(4640a3cb24828473d9563cb78eba90cb) Importer(815301076,1909f56bfc062723c751e8b465ee728b)
Start importing Assets/Textures/ElectricSystm_roughness.jpg using Guid(4640a3cb24828473d9563cb78eba90cb) Importer(815301076,1909f56bfc062723c751e8b465ee728b)  -> (artifact id: '0907598e29b59dc5f6b262d784d14a70') in 0.004751 seconds
Number of updated asset objects reloaded before import = 0
Number of asset objects unloaded after import = 2
========================================================================
Received Import Request.
  Time since last request: 0.000045 seconds.
  path: Assets/Textures/DoorWall_AO.jpg
  artifactKey: Guid(58feedac021624de79d7fa6393615047) Importer(815301076,1909f56bfc062723c751e8b465ee728b)
Start importing Assets/Textures/DoorWall_AO.jpg using Guid(58feedac021624de79d7fa6393615047) Importer(815301076,1909f56bfc062723c751e8b465ee728b)  -> (artifact id: '2030375717e6df32d94859755db3c9e2') in 0.004744 seconds
Number of updated asset objects reloaded before import = 0
Number of asset objects unloaded after import = 2
========================================================================
Received Import Request.
  Time since last request: 0.000041 seconds.
  path: Assets/Textures/Door_AO.jpg
  artifactKey: Guid(a7c2ad81433a44d509fdc17f974595b4) Importer(815301076,1909f56bfc062723c751e8b465ee728b)
Start importing Assets/Textures/Door_AO.jpg using Guid(a7c2ad81433a44d509fdc17f974595b4) Importer(815301076,1909f56bfc062723c751e8b465ee728b)  -> (artifact id: '8cc4ce78de5990d8d7b255471a16eb3d') in 0.003989 seconds
Number of updated asset objects reloaded before import = 0
Number of asset objects unloaded after import = 2
========================================================================
Received Import Request.
  Time since last request: 0.000061 seconds.
  path: Assets/Textures/Cabinet1DoorGlass_AO.jpg
  artifactKey: Guid(dbb52877ec7134cdca461ac3d0a29111) Importer(815301076,1909f56bfc062723c751e8b465ee728b)
Start importing Assets/Textures/Cabinet1DoorGlass_AO.jpg using Guid(dbb52877ec7134cdca461ac3d0a29111) Importer(815301076,1909f56bfc062723c751e8b465ee728b)  -> (artifact id: 'bd2c73864a428f843e733e88d0f8ac32') in 0.004030 seconds
Number of updated asset objects reloaded before import = 0
Number of asset objects unloaded after import = 2
========================================================================
Received Import Request.
  Time since last request: 0.000111 seconds.
  path: Assets/Textures/Cabinet1DoorGlass_roughness.jpg
  artifactKey: Guid(dd93d779c39124ef4b7d61a3821956f6) Importer(815301076,1909f56bfc062723c751e8b465ee728b)
Start importing Assets/Textures/Cabinet1DoorGlass_roughness.jpg using Guid(dd93d779c39124ef4b7d61a3821956f6) Importer(815301076,1909f56bfc062723c751e8b465ee728b)  -> (artifact id: '667b62cdcc0a48908036c8518528baca') in 0.003785 seconds
Number of updated asset objects reloaded before import = 0
Number of asset objects unloaded after import = 2
========================================================================
Received Import Request.
  Time since last request: 0.000043 seconds.
  path: Assets/Textures/catheterscath.psd
  artifactKey: Guid(4207f3b7945684ea1b93b2235055e3aa) Importer(815301076,1909f56bfc062723c751e8b465ee728b)
Start importing Assets/Textures/catheterscath.psd using Guid(4207f3b7945684ea1b93b2235055e3aa) Importer(815301076,1909f56bfc062723c751e8b465ee728b)  -> (artifact id: '04ac29b40bddfe76df7d590342ac979a') in 0.002712 seconds
Number of updated asset objects reloaded before import = 0
Number of asset objects unloaded after import = 2
========================================================================
Received Import Request.
  Time since last request: 0.000052 seconds.
  path: Assets/Textures/Door_albedo.jpg
  artifactKey: Guid(ca5420d6649d94ffea4db3fc949e9019) Importer(815301076,1909f56bfc062723c751e8b465ee728b)
Start importing Assets/Textures/Door_albedo.jpg using Guid(ca5420d6649d94ffea4db3fc949e9019) Importer(815301076,1909f56bfc062723c751e8b465ee728b)  -> (artifact id: '96540a49e172f8a2a38b3e7d90eededd') in 0.003983 seconds
Number of updated asset objects reloaded before import = 0
Number of asset objects unloaded after import = 2
========================================================================
Received Import Request.
  Time since last request: 0.000047 seconds.
  path: Assets/Textures/FoodTable_albedo.jpg
  artifactKey: Guid(37f8d4b18b2b64b9c99bdb53da335bc2) Importer(815301076,1909f56bfc062723c751e8b465ee728b)
Start importing Assets/Textures/FoodTable_albedo.jpg using Guid(37f8d4b18b2b64b9c99bdb53da335bc2) Importer(815301076,1909f56bfc062723c751e8b465ee728b)  -> (artifact id: 'c87c011a7f95aeee7c64fdff64cb0454') in 0.004775 seconds
Number of updated asset objects reloaded before import = 0
Number of asset objects unloaded after import = 2
========================================================================
Received Import Request.
  Time since last request: 0.000067 seconds.
  path: Assets/Textures/DoorWall_albedo.jpg
  artifactKey: Guid(a1fec991a3a484e959e8fe00641a8b8b) Importer(815301076,1909f56bfc062723c751e8b465ee728b)
Start importing Assets/Textures/DoorWall_albedo.jpg using Guid(a1fec991a3a484e959e8fe00641a8b8b) Importer(815301076,1909f56bfc062723c751e8b465ee728b)  -> (artifact id: '2b2c9f4b86da639b7caa74b8c1f53db5') in 0.005549 seconds
Number of updated asset objects reloaded before import = 0
Number of asset objects unloaded after import = 2
========================================================================
Received Import Request.
  Time since last request: 0.000074 seconds.
  path: Assets/Textures/Cabinet1Door_albedo.jpg
  artifactKey: Guid(f8eb04d8dbf6e431899f0b8e00d16c4b) Importer(815301076,1909f56bfc062723c751e8b465ee728b)
Start importing Assets/Textures/Cabinet1Door_albedo.jpg using Guid(f8eb04d8dbf6e431899f0b8e00d16c4b) Importer(815301076,1909f56bfc062723c751e8b465ee728b)  -> (artifact id: '0597d2bc78d4617e34db80eca7493226') in 0.004608 seconds
Number of updated asset objects reloaded before import = 0
Number of asset objects unloaded after import = 2
========================================================================
Received Import Request.
  Time since last request: 0.000100 seconds.
  path: Assets/Textures/Dif.png
  artifactKey: Guid(e9f4c1e27c125944c9a303a63b412f1e) Importer(815301076,1909f56bfc062723c751e8b465ee728b)
Start importing Assets/Textures/Dif.png using Guid(e9f4c1e27c125944c9a303a63b412f1e) Importer(815301076,1909f56bfc062723c751e8b465ee728b)  -> (artifact id: '7bf6644f2d9ceb04260a5f1e4dc5bd27') in 0.006236 seconds
Number of updated asset objects reloaded before import = 0
Number of asset objects unloaded after import = 2
========================================================================
Received Import Request.
  Time since last request: 0.000060 seconds.
  path: Assets/Textures/ElectricSystm_normal.jpg
  artifactKey: Guid(0e6fae69ef9dc43839a8a86ddd85fda3) Importer(815301076,1909f56bfc062723c751e8b465ee728b)
Start importing Assets/Textures/ElectricSystm_normal.jpg using Guid(0e6fae69ef9dc43839a8a86ddd85fda3) Importer(815301076,1909f56bfc062723c751e8b465ee728b)  -> (artifact id: '868d452caffc9950ff2366c5f85e8e30') in 0.006597 seconds
Number of updated asset objects reloaded before import = 0
Number of asset objects unloaded after import = 2
========================================================================
Received Import Request.
  Time since last request: 0.000093 seconds.
  path: Assets/Textures/Cabinet2_albedo.jpg
  artifactKey: Guid(a8c518e12a32e4d5abf1c53c2881ee76) Importer(815301076,1909f56bfc062723c751e8b465ee728b)
Start importing Assets/Textures/Cabinet2_albedo.jpg using Guid(a8c518e12a32e4d5abf1c53c2881ee76) Importer(815301076,1909f56bfc062723c751e8b465ee728b)  -> (artifact id: 'db3aa922e02a59e5b80b4fc4dc386e0a') in 0.004047 seconds
Number of updated asset objects reloaded before import = 0
Number of asset objects unloaded after import = 2
========================================================================
Received Import Request.
  Time since last request: 0.000058 seconds.
  path: Assets/Textures/Cabinet1Door_AO.jpg
  artifactKey: Guid(e32c4e5ae84a343e99b7dcd4688ebfe8) Importer(815301076,1909f56bfc062723c751e8b465ee728b)
Start importing Assets/Textures/Cabinet1Door_AO.jpg using Guid(e32c4e5ae84a343e99b7dcd4688ebfe8) Importer(815301076,1909f56bfc062723c751e8b465ee728b)  -> (artifact id: '2aacc9681f65cc32cbec0d4da0ffc595') in 0.004296 seconds
Number of updated asset objects reloaded before import = 0
Number of asset objects unloaded after import = 2
========================================================================
Received Import Request.
  Time since last request: 0.000117 seconds.
  path: Assets/Textures/Commode_albedo.jpg
  artifactKey: Guid(95ab53cd463434bb3ab6641794408a6c) Importer(815301076,1909f56bfc062723c751e8b465ee728b)
Start importing Assets/Textures/Commode_albedo.jpg using Guid(95ab53cd463434bb3ab6641794408a6c) Importer(815301076,1909f56bfc062723c751e8b465ee728b)  -> (artifact id: '43b30a8d417c945c813d87ef3ef562a9') in 0.004063 seconds
Number of updated asset objects reloaded before import = 0
Number of asset objects unloaded after import = 2
========================================================================
Received Import Request.
  Time since last request: 0.000167 seconds.
  path: Assets/Textures/Cabinet1DoorGlass_albedo.jpg
  artifactKey: Guid(8e8a5499218d042a7a23e2382632af46) Importer(815301076,1909f56bfc062723c751e8b465ee728b)
Start importing Assets/Textures/Cabinet1DoorGlass_albedo.jpg using Guid(8e8a5499218d042a7a23e2382632af46) Importer(815301076,1909f56bfc062723c751e8b465ee728b)  -> (artifact id: 'ddb25e27d1407ded9d16c682bff6b208') in 0.004043 seconds
Number of updated asset objects reloaded before import = 0
Number of asset objects unloaded after import = 2
========================================================================
Received Import Request.
  Time since last request: 0.000103 seconds.
  path: Assets/Textures/Curtain_metallic.jpg
  artifactKey: Guid(f7d86676ed45e4723afbbb985372f7bf) Importer(815301076,1909f56bfc062723c751e8b465ee728b)
Start importing Assets/Textures/Curtain_metallic.jpg using Guid(f7d86676ed45e4723afbbb985372f7bf) Importer(815301076,1909f56bfc062723c751e8b465ee728b)  -> (artifact id: '0eef80e9d03d78647f1a71bb49432735') in 0.003648 seconds
Number of updated asset objects reloaded before import = 0
Number of asset objects unloaded after import = 2
========================================================================
Received Import Request.
  Time since last request: 0.000091 seconds.
  path: Assets/Textures/Comp1256.jpeg
  artifactKey: Guid(ac126ef78f99c45b48aa0e231f72c884) Importer(815301076,1909f56bfc062723c751e8b465ee728b)
Start importing Assets/Textures/Comp1256.jpeg using Guid(ac126ef78f99c45b48aa0e231f72c884) Importer(815301076,1909f56bfc062723c751e8b465ee728b)  -> (artifact id: 'b2ba5286b8ca5520e4f981d30fb2a7fa') in 0.003611 seconds
Number of updated asset objects reloaded before import = 0
Number of asset objects unloaded after import = 2
========================================================================
Received Import Request.
  Time since last request: 0.000068 seconds.
  path: Assets/Textures/DoorWall_roughness.jpg
  artifactKey: Guid(f3e845fe5b70c49e6b074d8936ab853c) Importer(815301076,1909f56bfc062723c751e8b465ee728b)
Start importing Assets/Textures/DoorWall_roughness.jpg using Guid(f3e845fe5b70c49e6b074d8936ab853c) Importer(815301076,1909f56bfc062723c751e8b465ee728b)  -> (artifact id: 'd4d1f231d106ee0f1f29247332026ff6') in 0.005296 seconds
Number of updated asset objects reloaded before import = 0
Number of asset objects unloaded after import = 2
========================================================================
Received Import Request.
  Time since last request: 1.636377 seconds.
  path: Assets/Textures/FoodTable_metallic.jpg
  artifactKey: Guid(7a0488afe78f44bbaa450fe0d68532da) Importer(815301076,1909f56bfc062723c751e8b465ee728b)
Start importing Assets/Textures/FoodTable_metallic.jpg using Guid(7a0488afe78f44bbaa450fe0d68532da) Importer(815301076,1909f56bfc062723c751e8b465ee728b)  -> (artifact id: '17c6b74736937b9a8ce28a4e858e8445') in 0.004932 seconds
Number of updated asset objects reloaded before import = 0
Number of asset objects unloaded after import = 2
========================================================================
Received Import Request.
  Time since last request: 0.000074 seconds.
  path: Assets/Textures/IvPole_roughness.jpg
  artifactKey: Guid(1b461cb9af84443d09d387d60af823c1) Importer(815301076,1909f56bfc062723c751e8b465ee728b)
Start importing Assets/Textures/IvPole_roughness.jpg using Guid(1b461cb9af84443d09d387d60af823c1) Importer(815301076,1909f56bfc062723c751e8b465ee728b)  -> (artifact id: '850ba13f95aa16f4da00bca4182f8fc4') in 0.004953 seconds
Number of updated asset objects reloaded before import = 0
Number of asset objects unloaded after import = 2
========================================================================
Received Import Request.
  Time since last request: 0.000049 seconds.
  path: Assets/Textures/IvPole_metallic.jpg
  artifactKey: Guid(45dfe1877964247a4a7950b159a69f4e) Importer(815301076,1909f56bfc062723c751e8b465ee728b)
Start importing Assets/Textures/IvPole_metallic.jpg using Guid(45dfe1877964247a4a7950b159a69f4e) Importer(815301076,1909f56bfc062723c751e8b465ee728b)  -> (artifact id: 'd32e596abb7ce24425263555d4181153') in 0.003689 seconds
Number of updated asset objects reloaded before import = 0
Number of asset objects unloaded after import = 2
========================================================================
Received Import Request.
  Time since last request: 0.000076 seconds.
  path: Assets/Textures/Light2_AO.jpg
  artifactKey: Guid(d429b9229a5844f00980487f9d2521f1) Importer(815301076,1909f56bfc062723c751e8b465ee728b)
Start importing Assets/Textures/Light2_AO.jpg using Guid(d429b9229a5844f00980487f9d2521f1) Importer(815301076,1909f56bfc062723c751e8b465ee728b)  -> (artifact id: 'd2baaac3dce7512cac0c0d81462c87e0') in 0.004472 seconds
Number of updated asset objects reloaded before import = 0
Number of asset objects unloaded after import = 2
========================================================================
Received Import Request.
  Time since last request: 0.000077 seconds.
  path: Assets/Textures/Light2_roughness.jpg
  artifactKey: Guid(c00ba445d148f451494595781457f2ee) Importer(815301076,1909f56bfc062723c751e8b465ee728b)
Start importing Assets/Textures/Light2_roughness.jpg using Guid(c00ba445d148f451494595781457f2ee) Importer(815301076,1909f56bfc062723c751e8b465ee728b)  -> (artifact id: '9b75efa50133ce586d31d5f8a5c1d7d4') in 0.005128 seconds
Number of updated asset objects reloaded before import = 0
Number of asset objects unloaded after import = 2
========================================================================
Received Import Request.
  Time since last request: 0.000082 seconds.
  path: Assets/Textures/Machine_albedo.jpg
  artifactKey: Guid(4f520f26668474162a62001496fa29bb) Importer(815301076,1909f56bfc062723c751e8b465ee728b)
Start importing Assets/Textures/Machine_albedo.jpg using Guid(4f520f26668474162a62001496fa29bb) Importer(815301076,1909f56bfc062723c751e8b465ee728b)  -> (artifact id: '41e556d3159e1c8e7a4468b89f0adf7b') in 0.004391 seconds
Number of updated asset objects reloaded before import = 0
Number of asset objects unloaded after import = 2
========================================================================
Received Import Request.
  Time since last request: 0.000080 seconds.
  path: Assets/Textures/Machine_emissive.jpg
  artifactKey: Guid(9097dbe8f7ab54011a8bdd828bf52450) Importer(815301076,1909f56bfc062723c751e8b465ee728b)
Start importing Assets/Textures/Machine_emissive.jpg using Guid(9097dbe8f7ab54011a8bdd828bf52450) Importer(815301076,1909f56bfc062723c751e8b465ee728b)  -> (artifact id: '8876e8253d5b4162e21c7fe4198c997f') in 0.003837 seconds
Number of updated asset objects reloaded before import = 0
Number of asset objects unloaded after import = 2
========================================================================
Received Import Request.
  Time since last request: 0.000078 seconds.
  path: Assets/Textures/Machine_O_metallic.jpg
  artifactKey: Guid(7d5afba8ffec146d88bcac45abdbe48d) Importer(815301076,1909f56bfc062723c751e8b465ee728b)
Start importing Assets/Textures/Machine_O_metallic.jpg using Guid(7d5afba8ffec146d88bcac45abdbe48d) Importer(815301076,1909f56bfc062723c751e8b465ee728b)  -> (artifact id: '5b13cf96407196547f1bbe1a85263fb6') in 0.003920 seconds
Number of updated asset objects reloaded before import = 0
Number of asset objects unloaded after import = 2
========================================================================
Received Import Request.
  Time since last request: 0.000055 seconds.
  path: Assets/Textures/Sign_metallic.jpg
  artifactKey: Guid(6dbef0c59ec934ec88514a13a8693407) Importer(815301076,1909f56bfc062723c751e8b465ee728b)
Start importing Assets/Textures/Sign_metallic.jpg using Guid(6dbef0c59ec934ec88514a13a8693407) Importer(815301076,1909f56bfc062723c751e8b465ee728b)  -> (artifact id: 'f46a2c589b85e822b6ad69fa8139103d') in 0.003257 seconds
Number of updated asset objects reloaded before import = 0
Number of asset objects unloaded after import = 2
========================================================================
Received Import Request.
  Time since last request: 0.000065 seconds.
  path: Assets/Textures/spec3.jpg
  artifactKey: Guid(839bb8e481d844d06ad7bb3cd053d19b) Importer(815301076,1909f56bfc062723c751e8b465ee728b)
Start importing Assets/Textures/spec3.jpg using Guid(839bb8e481d844d06ad7bb3cd053d19b) Importer(815301076,1909f56bfc062723c751e8b465ee728b)  -> (artifact id: '164fbaa2d52e5cd5e9ce42fb9a8916df') in 0.003406 seconds
Number of updated asset objects reloaded before import = 0
Number of asset objects unloaded after import = 2
========================================================================
Received Import Request.
  Time since last request: 0.000050 seconds.
  path: Assets/Textures/Serum_metallic.jpg
  artifactKey: Guid(05869a98ad8134a41a63d37542f873e7) Importer(815301076,1909f56bfc062723c751e8b465ee728b)
Start importing Assets/Textures/Serum_metallic.jpg using Guid(05869a98ad8134a41a63d37542f873e7) Importer(815301076,1909f56bfc062723c751e8b465ee728b)  -> (artifact id: 'de8fc46aebc150802ccf5d900df344ce') in 0.003859 seconds
Number of updated asset objects reloaded before import = 0
Number of asset objects unloaded after import = 2
========================================================================
Received Import Request.
  Time since last request: 0.000104 seconds.
  path: Assets/Textures/Serum_AO.jpg
  artifactKey: Guid(69ba896adbfdb43a8b46b46d5003b41b) Importer(815301076,1909f56bfc062723c751e8b465ee728b)
Start importing Assets/Textures/Serum_AO.jpg using Guid(69ba896adbfdb43a8b46b46d5003b41b) Importer(815301076,1909f56bfc062723c751e8b465ee728b)  -> (artifact id: '8acea5558d121f10aa6588e926a3ce42') in 0.005447 seconds
Number of updated asset objects reloaded before import = 0
Number of asset objects unloaded after import = 2
========================================================================
Received Import Request.
  Time since last request: 0.000090 seconds.
  path: Assets/Textures/Machine_O_AO.jpg
  artifactKey: Guid(a4a3a743583f24342b5be6a6533bd897) Importer(815301076,1909f56bfc062723c751e8b465ee728b)
Start importing Assets/Textures/Machine_O_AO.jpg using Guid(a4a3a743583f24342b5be6a6533bd897) Importer(815301076,1909f56bfc062723c751e8b465ee728b)  -> (artifact id: '7a4ec36a2177d9d57f1e4e9054f1ee4f') in 0.009939 seconds
Number of updated asset objects reloaded before import = 0
Number of asset objects unloaded after import = 2
========================================================================
Received Import Request.
  Time since last request: 0.000271 seconds.
  path: Assets/Textures/syringe_needle_BaseColor 1.png
  artifactKey: Guid(9eeadc1dd99854cceaa90b6b8ce7b9bb) Importer(815301076,1909f56bfc062723c751e8b465ee728b)
Start importing Assets/Textures/syringe_needle_BaseColor 1.png using Guid(9eeadc1dd99854cceaa90b6b8ce7b9bb) Importer(815301076,1909f56bfc062723c751e8b465ee728b)  -> (artifact id: '3a43e400feba92fd003c6dac13ad6c87') in 0.009385 seconds
Number of updated asset objects reloaded before import = 0
Number of asset objects unloaded after import = 2
========================================================================
Received Import Request.
  Time since last request: 0.000046 seconds.
  path: Assets/Textures/syringe_syringe_barrel_BaseColor.png
  artifactKey: Guid(48cb60e86bf2c46d5867c93baee4db7c) Importer(815301076,1909f56bfc062723c751e8b465ee728b)
Start importing Assets/Textures/syringe_syringe_barrel_BaseColor.png using Guid(48cb60e86bf2c46d5867c93baee4db7c) Importer(815301076,1909f56bfc062723c751e8b465ee728b)  -> (artifact id: '507b88c07f450f9edc0e5c9c9fdc43f8') in 0.004317 seconds
Number of updated asset objects reloaded before import = 0
Number of asset objects unloaded after import = 2
========================================================================
Received Import Request.
  Time since last request: 0.000108 seconds.
  path: Assets/Textures/Tv_metallic.jpg
  artifactKey: Guid(f6f02057a1b2040b2b78b91ce081711c) Importer(815301076,1909f56bfc062723c751e8b465ee728b)
Start importing Assets/Textures/Tv_metallic.jpg using Guid(f6f02057a1b2040b2b78b91ce081711c) Importer(815301076,1909f56bfc062723c751e8b465ee728b)  -> (artifact id: '8a968265f05e0d02663328c8586b9016') in 0.003264 seconds
Number of updated asset objects reloaded before import = 0
Number of asset objects unloaded after import = 2
========================================================================
Received Import Request.
  Time since last request: 0.000045 seconds.
  path: Assets/Textures/Tv_albedo.jpg
  artifactKey: Guid(23dd4441af8ca4bd4ab346a462dc94a0) Importer(815301076,1909f56bfc062723c751e8b465ee728b)
Start importing Assets/Textures/Tv_albedo.jpg using Guid(23dd4441af8ca4bd4ab346a462dc94a0) Importer(815301076,1909f56bfc062723c751e8b465ee728b)  -> (artifact id: '47bd309cc22c7bde62b9e1b210ada9f4') in 0.004193 seconds
Number of updated asset objects reloaded before import = 0
Number of asset objects unloaded after import = 2
========================================================================
Received Import Request.
  Time since last request: 0.000057 seconds.
  path: Assets/Textures/syringe_plunger_Roughness.png
  artifactKey: Guid(3c2e053751ca14d2391a7de7821eab3f) Importer(815301076,1909f56bfc062723c751e8b465ee728b)
Start importing Assets/Textures/syringe_plunger_Roughness.png using Guid(3c2e053751ca14d2391a7de7821eab3f) Importer(815301076,1909f56bfc062723c751e8b465ee728b)  -> (artifact id: '2501ea6068fe0ae95c936e14c21b346a') in 0.004948 seconds
Number of updated asset objects reloaded before import = 0
Number of asset objects unloaded after import = 2
========================================================================
Received Import Request.
  Time since last request: 0.000062 seconds.
  path: Assets/Textures/Wall2_normal.jpg
  artifactKey: Guid(2dc389bf1fdd143c38666e603641db6c) Importer(815301076,1909f56bfc062723c751e8b465ee728b)
Start importing Assets/Textures/Wall2_normal.jpg using Guid(2dc389bf1fdd143c38666e603641db6c) Importer(815301076,1909f56bfc062723c751e8b465ee728b)  -> (artifact id: 'c8a5dbba182a6b4822dd2b0e984e4344') in 0.005060 seconds
Number of updated asset objects reloaded before import = 0
Number of asset objects unloaded after import = 2
========================================================================
Received Import Request.
  Time since last request: 0.000066 seconds.
  path: Assets/Textures/Table_normal.jpg
  artifactKey: Guid(5c8cd1bbc9d174f4bba04337f65ea6fc) Importer(815301076,1909f56bfc062723c751e8b465ee728b)
Start importing Assets/Textures/Table_normal.jpg using Guid(5c8cd1bbc9d174f4bba04337f65ea6fc) Importer(815301076,1909f56bfc062723c751e8b465ee728b)  -> (artifact id: 'f331803a3d5ef4d16562dcc8c6ae439f') in 0.003866 seconds
Number of updated asset objects reloaded before import = 0
Number of asset objects unloaded after import = 2
========================================================================
Received Import Request.
  Time since last request: 0.000065 seconds.
  path: Assets/Textures/syringe_adapter_Normal.png
  artifactKey: Guid(b652ce656ee7545e8b8d3c511d5b7061) Importer(815301076,1909f56bfc062723c751e8b465ee728b)
Start importing Assets/Textures/syringe_adapter_Normal.png using Guid(b652ce656ee7545e8b8d3c511d5b7061) Importer(815301076,1909f56bfc062723c751e8b465ee728b)  -> (artifact id: 'f11599e1ca35c90f4ee56d01527a5261') in 0.004023 seconds
Number of updated asset objects reloaded before import = 0
Number of asset objects unloaded after import = 2
========================================================================
Received Import Request.
  Time since last request: 0.000056 seconds.
  path: Assets/Textures/syringe_syringe_barrel_Normal.png
  artifactKey: Guid(1acdb0e54ee074eac8d6c9946be47d0c) Importer(815301076,1909f56bfc062723c751e8b465ee728b)
Start importing Assets/Textures/syringe_syringe_barrel_Normal.png using Guid(1acdb0e54ee074eac8d6c9946be47d0c) Importer(815301076,1909f56bfc062723c751e8b465ee728b)  -> (artifact id: 'c2ed0d09b405d56552cfa3d1851ddfe8') in 0.008041 seconds
Number of updated asset objects reloaded before import = 0
Number of asset objects unloaded after import = 2
========================================================================
Received Import Request.
  Time since last request: 0.000052 seconds.
  path: Assets/Textures/Wall3_metallic.jpg
  artifactKey: Guid(4adafa395314d4d2698edf43a7277eb3) Importer(815301076,1909f56bfc062723c751e8b465ee728b)
Start importing Assets/Textures/Wall3_metallic.jpg using Guid(4adafa395314d4d2698edf43a7277eb3) Importer(815301076,1909f56bfc062723c751e8b465ee728b)  -> (artifact id: 'e8595aea56e90ac930017949c0a5ec4d') in 0.004728 seconds
Number of updated asset objects reloaded before import = 0
Number of asset objects unloaded after import = 2
========================================================================
Received Import Request.
  Time since last request: 0.000123 seconds.
  path: Assets/Textures/Wall5_normal.jpg
  artifactKey: Guid(5ad275dbc399c4925b808fc2707d50f0) Importer(815301076,1909f56bfc062723c751e8b465ee728b)
Start importing Assets/Textures/Wall5_normal.jpg using Guid(5ad275dbc399c4925b808fc2707d50f0) Importer(815301076,1909f56bfc062723c751e8b465ee728b)  -> (artifact id: '125b6528b80560b7103f132da6f4c345') in 0.006781 seconds
Number of updated asset objects reloaded before import = 0
Number of asset objects unloaded after import = 2
========================================================================
Received Import Request.
  Time since last request: 0.000103 seconds.
  path: Assets/Textures/WindowWall_normal.jpg
  artifactKey: Guid(13da86296714544bea4149c9d6cf49b1) Importer(815301076,1909f56bfc062723c751e8b465ee728b)
Start importing Assets/Textures/WindowWall_normal.jpg using Guid(13da86296714544bea4149c9d6cf49b1) Importer(815301076,1909f56bfc062723c751e8b465ee728b)  -> (artifact id: 'b2eaf20bf97d7dc9a4619a0fd6954619') in 0.004349 seconds
Number of updated asset objects reloaded before import = 0
Number of asset objects unloaded after import = 2
========================================================================
Received Import Request.
  Time since last request: 0.000070 seconds.
  path: Assets/Textures/Wall4_normal.jpg
  artifactKey: Guid(e41b0deabdc144c66a3fff03d15a733f) Importer(815301076,1909f56bfc062723c751e8b465ee728b)
Start importing Assets/Textures/Wall4_normal.jpg using Guid(e41b0deabdc144c66a3fff03d15a733f) Importer(815301076,1909f56bfc062723c751e8b465ee728b)  -> (artifact id: '195c386f2ab19e015d8f27ca842ef1cb') in 0.004352 seconds
Number of updated asset objects reloaded before import = 0
Number of asset objects unloaded after import = 2
========================================================================
Received Import Request.
  Time since last request: 0.000079 seconds.
  path: Assets/Textures/WindowWall_opacity.jpg
  artifactKey: Guid(b6a44912c09944a33b7a84fbb251131b) Importer(815301076,1909f56bfc062723c751e8b465ee728b)
Start importing Assets/Textures/WindowWall_opacity.jpg using Guid(b6a44912c09944a33b7a84fbb251131b) Importer(815301076,1909f56bfc062723c751e8b465ee728b)  -> (artifact id: '0906e4873549fe34ad1e33bbd78e46f8') in 0.003437 seconds
Number of updated asset objects reloaded before import = 0
Number of asset objects unloaded after import = 2
========================================================================
Received Import Request.
  Time since last request: 0.000080 seconds.
  path: Assets/Textures/Wall4_albedo.jpg
  artifactKey: Guid(64f29bb516524485babbd632463645a4) Importer(815301076,1909f56bfc062723c751e8b465ee728b)
Start importing Assets/Textures/Wall4_albedo.jpg using Guid(64f29bb516524485babbd632463645a4) Importer(815301076,1909f56bfc062723c751e8b465ee728b)  -> (artifact id: 'abddba56fa4f96b2bbeb33306ecff8db') in 0.003524 seconds
Number of updated asset objects reloaded before import = 0
Number of asset objects unloaded after import = 2
========================================================================
Received Import Request.
  Time since last request: 0.000058 seconds.
  path: Assets/Textures/Light2_emissive.jpg
  artifactKey: Guid(6af5c272e514943a2974149fa010f114) Importer(815301076,1909f56bfc062723c751e8b465ee728b)
Start importing Assets/Textures/Light2_emissive.jpg using Guid(6af5c272e514943a2974149fa010f114) Importer(815301076,1909f56bfc062723c751e8b465ee728b)  -> (artifact id: 'c6c25e056b62dd297defa5165422ef60') in 0.003220 seconds
Number of updated asset objects reloaded before import = 0
Number of asset objects unloaded after import = 2
========================================================================
Received Import Request.
  Time since last request: 0.000054 seconds.
  path: Assets/Textures/Sofa_AO.jpg
  artifactKey: Guid(4d975bd83d5f3427e9e528ff74656d80) Importer(815301076,1909f56bfc062723c751e8b465ee728b)
Start importing Assets/Textures/Sofa_AO.jpg using Guid(4d975bd83d5f3427e9e528ff74656d80) Importer(815301076,1909f56bfc062723c751e8b465ee728b)  -> (artifact id: '7f3e620bb5118946a8e028c92e2fa385') in 0.003830 seconds
Number of updated asset objects reloaded before import = 0
Number of asset objects unloaded after import = 2
========================================================================
Received Import Request.
  Time since last request: 0.000071 seconds.
  path: Assets/Textures/syringe_adapter_Roughness.png
  artifactKey: Guid(8d7600557b552433fb2ccfc602a5efa6) Importer(815301076,1909f56bfc062723c751e8b465ee728b)
Start importing Assets/Textures/syringe_adapter_Roughness.png using Guid(8d7600557b552433fb2ccfc602a5efa6) Importer(815301076,1909f56bfc062723c751e8b465ee728b)  -> (artifact id: '97ad5cea89e419ab1d31abc323cb7c4e') in 0.004414 seconds
Number of updated asset objects reloaded before import = 0
Number of asset objects unloaded after import = 2
========================================================================
Received Import Request.
  Time since last request: 0.000039 seconds.
  path: Assets/Textures/Table_metallic.jpg
  artifactKey: Guid(4fcd2cff2051942d7aad3ce191378022) Importer(815301076,1909f56bfc062723c751e8b465ee728b)
Start importing Assets/Textures/Table_metallic.jpg using Guid(4fcd2cff2051942d7aad3ce191378022) Importer(815301076,1909f56bfc062723c751e8b465ee728b)  -> (artifact id: 'f33de12497b7ecd672ceb44e8c5d8f20') in 0.003851 seconds
Number of updated asset objects reloaded before import = 0
Number of asset objects unloaded after import = 2
========================================================================
Received Import Request.
  Time since last request: 0.000082 seconds.
  path: Assets/Textures/Volumetric_OR_Room1.jpg
  artifactKey: Guid(5b160e7db73774b12918b675ed51fe61) Importer(815301076,1909f56bfc062723c751e8b465ee728b)
Start importing Assets/Textures/Volumetric_OR_Room1.jpg using Guid(5b160e7db73774b12918b675ed51fe61) Importer(815301076,1909f56bfc062723c751e8b465ee728b)  -> (artifact id: '3b81455355e66a411e822cdfd7816927') in 0.005721 seconds
Number of updated asset objects reloaded before import = 0
Number of asset objects unloaded after import = 2
========================================================================
Received Import Request.
  Time since last request: 0.000051 seconds.
  path: Assets/Textures/OxygenTube_roughness.jpg
  artifactKey: Guid(0a34dca9f13494070a6e7344e4e7e768) Importer(815301076,1909f56bfc062723c751e8b465ee728b)
Start importing Assets/Textures/OxygenTube_roughness.jpg using Guid(0a34dca9f13494070a6e7344e4e7e768) Importer(815301076,1909f56bfc062723c751e8b465ee728b)  -> (artifact id: '8bffe883120f6b175cd62a965c9f26f7') in 0.004156 seconds
Number of updated asset objects reloaded before import = 0
Number of asset objects unloaded after import = 2
========================================================================
Received Import Request.
  Time since last request: 0.000046 seconds.
  path: Assets/Textures/Wall2_albedo.jpg
  artifactKey: Guid(d4abd620691904b64ba969497c7b9b32) Importer(815301076,1909f56bfc062723c751e8b465ee728b)
Start importing Assets/Textures/Wall2_albedo.jpg using Guid(d4abd620691904b64ba969497c7b9b32) Importer(815301076,1909f56bfc062723c751e8b465ee728b)  -> (artifact id: 'fcae8b870725585cfeaeefd7e8c6fb23') in 0.004414 seconds
Number of updated asset objects reloaded before import = 0
Number of asset objects unloaded after import = 2
========================================================================
Received Import Request.
  Time since last request: 0.000092 seconds.
  path: Assets/Textures/OxygenTube_metallic.jpg
  artifactKey: Guid(6c6494157fbc748c8a314cb056110598) Importer(815301076,1909f56bfc062723c751e8b465ee728b)
Start importing Assets/Textures/OxygenTube_metallic.jpg using Guid(6c6494157fbc748c8a314cb056110598) Importer(815301076,1909f56bfc062723c751e8b465ee728b)  -> (artifact id: 'a3f5c9e1adfeaa6f89d7d46288279837') in 0.004996 seconds
Number of updated asset objects reloaded before import = 0
Number of asset objects unloaded after import = 2
========================================================================
Received Import Request.
  Time since last request: 0.000127 seconds.
  path: Assets/Textures/Sofa_albedo.jpg
  artifactKey: Guid(cc5682f82e0384df6804aad08604fab4) Importer(815301076,1909f56bfc062723c751e8b465ee728b)
Start importing Assets/Textures/Sofa_albedo.jpg using Guid(cc5682f82e0384df6804aad08604fab4) Importer(815301076,1909f56bfc062723c751e8b465ee728b)  -> (artifact id: '30f7f2c3c8eebe2d0d37be4586ce7804') in 0.004512 seconds
Number of updated asset objects reloaded before import = 0
Number of asset objects unloaded after import = 2
========================================================================
Received Import Request.
  Time since last request: 0.000096 seconds.
  path: Assets/Textures/syringe_plunger_BaseColor.png
  artifactKey: Guid(9ecc7f606eb8845a6b9e1819dee85c00) Importer(815301076,1909f56bfc062723c751e8b465ee728b)
Start importing Assets/Textures/syringe_plunger_BaseColor.png using Guid(9ecc7f606eb8845a6b9e1819dee85c00) Importer(815301076,1909f56bfc062723c751e8b465ee728b)  -> (artifact id: 'de1ce76eadb2ec9cebd8515b4b4b2292') in 0.004369 seconds
Number of updated asset objects reloaded before import = 0
Number of asset objects unloaded after import = 2
========================================================================
Received Import Request.
  Time since last request: 0.000072 seconds.
  path: Assets/Textures/syringe_adapter_BaseColor.png
  artifactKey: Guid(da6bd38f2f36841d6a35d716ac58e374) Importer(815301076,1909f56bfc062723c751e8b465ee728b)
Start importing Assets/Textures/syringe_adapter_BaseColor.png using Guid(da6bd38f2f36841d6a35d716ac58e374) Importer(815301076,1909f56bfc062723c751e8b465ee728b)  -> (artifact id: '1db7ceda00eb801bd756cce445362fa2') in 0.004499 seconds
Number of updated asset objects reloaded before import = 0
Number of asset objects unloaded after import = 2
========================================================================
Received Import Request.
  Time since last request: 0.000075 seconds.
  path: Assets/Textures/syringe_plunger_rubber_Roughness.png
  artifactKey: Guid(65f61371dc8534c9aa1c4d59ea05be1e) Importer(815301076,1909f56bfc062723c751e8b465ee728b)
Start importing Assets/Textures/syringe_plunger_rubber_Roughness.png using Guid(65f61371dc8534c9aa1c4d59ea05be1e) Importer(815301076,1909f56bfc062723c751e8b465ee728b)  -> (artifact id: 'd545a6354137bfee56f9844236f112b4') in 0.004110 seconds
Number of updated asset objects reloaded before import = 0
Number of asset objects unloaded after import = 2
========================================================================
Received Import Request.
  Time since last request: 0.000049 seconds.
  path: Assets/Textures/syringe_syringe_barrel_BaseColor 1.png
  artifactKey: Guid(e1223045713ed4e76bc2862c11021b59) Importer(815301076,1909f56bfc062723c751e8b465ee728b)
Start importing Assets/Textures/syringe_syringe_barrel_BaseColor 1.png using Guid(e1223045713ed4e76bc2862c11021b59) Importer(815301076,1909f56bfc062723c751e8b465ee728b)  -> (artifact id: '81848f5b71d0309b9e209dcddcfe8115') in 0.004926 seconds
Number of updated asset objects reloaded before import = 0
Number of asset objects unloaded after import = 2
========================================================================
Received Import Request.
  Time since last request: 0.000053 seconds.
  path: Assets/Textures/Wall5_metallic.jpg
  artifactKey: Guid(e6f7650f095ea4c83bde69f1cb0ff221) Importer(815301076,1909f56bfc062723c751e8b465ee728b)
Start importing Assets/Textures/Wall5_metallic.jpg using Guid(e6f7650f095ea4c83bde69f1cb0ff221) Importer(815301076,1909f56bfc062723c751e8b465ee728b)  -> (artifact id: '76ed9b00cc8d38c2f1a8812f73adce23') in 0.004017 seconds
Number of updated asset objects reloaded before import = 0
Number of asset objects unloaded after import = 2
========================================================================
Received Import Request.
  Time since last request: 0.000052 seconds.
  path: Assets/Textures/Wall1_metallic.jpg
  artifactKey: Guid(c5e21bb9cb3c54ca69b6f4c58ec5aa2c) Importer(815301076,1909f56bfc062723c751e8b465ee728b)
Start importing Assets/Textures/Wall1_metallic.jpg using Guid(c5e21bb9cb3c54ca69b6f4c58ec5aa2c) Importer(815301076,1909f56bfc062723c751e8b465ee728b)  -> (artifact id: '4e37d4149c365e410d7ab593e1522a71') in 0.004455 seconds
Number of updated asset objects reloaded before import = 0
Number of asset objects unloaded after import = 2
========================================================================
Received Import Request.
  Time since last request: 0.000138 seconds.
  path: Assets/Textures/Wall1_normal.jpg
  artifactKey: Guid(e281a94fc3d644706a0c24fcf8b0b7d5) Importer(815301076,1909f56bfc062723c751e8b465ee728b)
Start importing Assets/Textures/Wall1_normal.jpg using Guid(e281a94fc3d644706a0c24fcf8b0b7d5) Importer(815301076,1909f56bfc062723c751e8b465ee728b)  -> (artifact id: 'd921f3fbf205fdcd6dd3cf1c9fc89495') in 0.004473 seconds
Number of updated asset objects reloaded before import = 0
Number of asset objects unloaded after import = 2
========================================================================
Received Import Request.
  Time since last request: 0.000073 seconds.
  path: Assets/Textures/Sofa_roughness.jpg
  artifactKey: Guid(248967611ae4d4298a63a6472eba2f0a) Importer(815301076,1909f56bfc062723c751e8b465ee728b)
Start importing Assets/Textures/Sofa_roughness.jpg using Guid(248967611ae4d4298a63a6472eba2f0a) Importer(815301076,1909f56bfc062723c751e8b465ee728b)  -> (artifact id: '5375c89ec49ff698b9a978cb72000b43') in 0.004678 seconds
Number of updated asset objects reloaded before import = 0
Number of asset objects unloaded after import = 2
========================================================================
Received Import Request.
  Time since last request: 64.998617 seconds.
  path: Assets/Materials/adapter.mat
  artifactKey: Guid(0a8807d2932d445eab732cbbd856aa9a) Importer(815301076,1909f56bfc062723c751e8b465ee728b)
Start importing Assets/Materials/adapter.mat using Guid(0a8807d2932d445eab732cbbd856aa9a) Importer(815301076,1909f56bfc062723c751e8b465ee728b)  -> (artifact id: 'a139a15d85e8b66f1ee77981bf8fd7bd') in 0.032527 seconds
Number of updated asset objects reloaded before import = 0
Number of asset objects unloaded after import = 1
========================================================================
Received Import Request.
  Time since last request: 0.000062 seconds.
  path: Assets/Materials/needle.mat
  artifactKey: Guid(64236423961f14d1099121bded099650) Importer(815301076,1909f56bfc062723c751e8b465ee728b)
Start importing Assets/Materials/needle.mat using Guid(64236423961f14d1099121bded099650) Importer(815301076,1909f56bfc062723c751e8b465ee728b)  -> (artifact id: 'a92f7af6a90af909e2683f842f4353b6') in 0.004300 seconds
Number of updated asset objects reloaded before import = 0
Number of asset objects unloaded after import = 1
========================================================================
Received Import Request.
  Time since last request: 0.000155 seconds.
  path: Assets/Materials/syringe_barrel.mat
  artifactKey: Guid(1116ab306f45943e0a63e470c7097f04) Importer(815301076,1909f56bfc062723c751e8b465ee728b)
Start importing Assets/Materials/syringe_barrel.mat using Guid(1116ab306f45943e0a63e470c7097f04) Importer(815301076,1909f56bfc062723c751e8b465ee728b)  -> (artifact id: '2d5b78fdc12c5a4176c53fc641251e59') in 0.004142 seconds
Number of updated asset objects reloaded before import = 0
Number of asset objects unloaded after import = 1
========================================================================
Received Import Request.
  Time since last request: 0.000076 seconds.
  path: Assets/Materials/plunger.mat
  artifactKey: Guid(f60e1760c10b549e3bfa7e0ab35675bb) Importer(815301076,1909f56bfc062723c751e8b465ee728b)
Start importing Assets/Materials/plunger.mat using Guid(f60e1760c10b549e3bfa7e0ab35675bb) Importer(815301076,1909f56bfc062723c751e8b465ee728b)  -> (artifact id: '899f6e266bc2b18988791dfec7f7a491') in 0.004118 seconds
Number of updated asset objects reloaded before import = 0
Number of asset objects unloaded after import = 1
========================================================================
Received Import Request.
  Time since last request: 0.000061 seconds.
  path: Assets/Materials/Mitte_OP_Tex4 1.mat
  artifactKey: Guid(5a08e014205d04957a8195ffba926b4c) Importer(815301076,1909f56bfc062723c751e8b465ee728b)
Start importing Assets/Materials/Mitte_OP_Tex4 1.mat using Guid(5a08e014205d04957a8195ffba926b4c) Importer(815301076,1909f56bfc062723c751e8b465ee728b)  -> (artifact id: 'cb82a5ba3445dbfa70adefa6244f7a0e') in 0.003526 seconds
Number of updated asset objects reloaded before import = 0
Number of asset objects unloaded after import = 1
Editor requested this worker to shutdown with reason: Scaling down because of idle timeout
TcpMessagingSession - receive error: operation aborted. errorcode: 89, details: Operation aborted.
AssetImportWorker is now disconnected from the server
Process exiting
